[2018-12-22 21:07:48] (ERROR @ /home/user2051533/www/work1.d0022330.atservers.net/core/model/modx/modresponse.class.php : 210) Attempted to redirect to an empty URL.
[2018-12-22 21:07:51] (ERROR @ /home/user2051533/www/work1.d0022330.atservers.net/php/order_form_check.php : 99) PHP warning: mysqli_error() expects exactly 1 parameter, 0 given
[2018-12-22 21:13:27] (ERROR @ /home/user2051533/www/work1.d0022330.atservers.net/php/order_form_check.php : 99) PHP warning: mysqli_error() expects exactly 1 parameter, 0 given
[2018-12-22 21:20:54] (ERROR @ /home/user2051533/www/work1.d0022330.atservers.net/php/order_form_check.php : 99) PHP warning: mysqli_error() expects exactly 1 parameter, 0 given
[2018-12-22 21:21:45] (ERROR @ /home/user2051533/www/work1.d0022330.atservers.net/php/order_form_check.php : 99) PHP warning: mysqli_error() expects exactly 1 parameter, 0 given
[2018-12-22 21:22:32] (ERROR @ /home/user2051533/www/work1.d0022330.atservers.net/php/order_form_check.php : 99) PHP warning: mysqli_error() expects exactly 1 parameter, 0 given
[2018-12-22 21:33:25] (ERROR @ /home/user2051533/www/work1.d0022330.atservers.net/php/order_form_check.php : 99) PHP warning: mysqli_error() expects exactly 1 parameter, 0 given
[2018-12-22 21:33:57] (ERROR @ /home/user2051533/www/work1.d0022330.atservers.net/php/order_form_check.php : 99) PHP warning: mysqli_error() expects exactly 1 parameter, 0 given
[2018-12-22 21:34:18] (ERROR @ /home/user2051533/www/work1.d0022330.atservers.net/php/order_form_check.php : 99) PHP warning: mysqli_error() expects exactly 1 parameter, 0 given
[2018-12-22 21:43:42] (ERROR @ /home/user2051533/www/work1.d0022330.atservers.net/php/order_form_check.php : 89) PHP warning: mysqli_error() expects exactly 1 parameter, 0 given
[2018-12-22 22:25:06] (ERROR @ /home/user2051533/www/work1.d0022330.atservers.net/php/order_form_check.php : 90) PHP warning: mysqli_error() expects exactly 1 parameter, 0 given
[2018-12-22 22:25:22] (ERROR @ /home/user2051533/www/work1.d0022330.atservers.net/php/order_form_check.php : 90) PHP warning: mysqli_error() expects exactly 1 parameter, 0 given
[2018-12-22 22:28:15] (ERROR @ /home/user2051533/www/work1.d0022330.atservers.net/php/order_form_check.php : 90) PHP warning: mysqli_error() expects exactly 1 parameter, 0 given
[2018-12-22 22:28:28] (ERROR @ /home/user2051533/www/work1.d0022330.atservers.net/php/order_form_check.php : 90) PHP warning: mysqli_error() expects exactly 1 parameter, 0 given
[2018-12-22 22:28:32] (ERROR @ /home/user2051533/www/work1.d0022330.atservers.net/php/order_form_check.php : 90) PHP warning: mysqli_error() expects exactly 1 parameter, 0 given
[2018-12-22 22:31:31] (ERROR @ /home/user2051533/www/work1.d0022330.atservers.net/php/order_form_check.php : 92) PHP warning: mysqli_query() expects at least 2 parameters, 1 given
[2018-12-22 22:33:34] (ERROR @ /home/user2051533/www/work1.d0022330.atservers.net/php/order_form_check.php : 94) PHP warning: mysqli_query() expects at least 2 parameters, 1 given
[2018-12-22 23:17:42] (ERROR @ /home/user2051533/www/work1.d0022330.atservers.net/php/order_form_check.php : 91) PHP warning: mysqli_error() expects exactly 1 parameter, 0 given
[2018-12-25 12:36:51] (ERROR @ /home/user2051533/www/work1.d0022330.atservers.net/core/model/modx/modresponse.class.php : 210) Attempted to redirect to an empty URL.
[2018-12-25 12:47:45] (ERROR @ /home/user2051533/www/work1.d0022330.atservers.net/core/model/modx/modresponse.class.php : 210) Attempted to redirect to an empty URL.
[2018-12-25 13:11:46] (ERROR @ /home/user2051533/www/work1.d0022330.atservers.net/core/model/modx/modresponse.class.php : 210) Attempted to redirect to an empty URL.
[2018-12-26 10:19:29] (ERROR @ /home/user2051533/www/work1.d0022330.atservers.net/core/model/modx/modresponse.class.php : 210) Attempted to redirect to an empty URL.
[2018-12-26 15:51:00] (ERROR @ /home/user2051533/www/work1.d0022330.atservers.net/core/model/modx/modcachemanager.class.php : 509) Error caching script elements/modplugin/2
[2018-12-26 16:45:54] (ERROR @ /home/user2051533/www/work1.d0022330.atservers.net/core/model/modx/modcachemanager.class.php : 344) Error caching lexicon topic lexicon/ru/core/default
[2018-12-26 17:48:25] (ERROR @ /home/user2051533/www/work1.d0022330.atservers.net/core/model/modx/modparser.class.php : 540) Could not find snippet with name &number=`1`
                                &date=`2018-12-26`
                                &time=`17:11:53`
                                &description=`sdfgsdfgsdfg`
                                &urgency=`10`
                                &date_close=``
                                &time_close=``
                                &description_close=``
                                &status=`открыто`.
[2018-12-26 17:48:25] (ERROR @ /home/user2051533/www/work1.d0022330.atservers.net/core/model/modx/modparser.class.php : 540) Could not find snippet with name &number=`1`
                                &date=`2018-12-26`
                                &time=`17:11:53`
                                &description=`sdfgsdfgsdfg`
                                &urgency=`10`
                                &date_close=``
                                &time_close=``
                                &description_close=``
                                &status=`открыто`.
[2018-12-26 17:48:25] (ERROR @ /home/user2051533/www/work1.d0022330.atservers.net/core/model/modx/modparser.class.php : 540) Could not find snippet with name &number=`1`
                                &date=`2018-12-26`
                                &time=`17:11:53`
                                &description=`sdfgsdfgsdfg`
                                &urgency=`10`
                                &date_close=``
                                &time_close=``
                                &description_close=``
                                &status=`открыто`.
[2018-12-26 17:48:43] (ERROR @ /home/user2051533/www/work1.d0022330.atservers.net/core/model/modx/modparser.class.php : 540) Could not find snippet with name &number=`1`
                                &date=`2018-12-26`
                                &time=`17:11:53`
                                &description=`sdfgsdfgsdfg`
                                &urgency=`10`
                                &date_close=``
                                &time_close=``
                                &description_close=``
                                &status=`открыто`.
[2018-12-26 17:48:43] (ERROR @ /home/user2051533/www/work1.d0022330.atservers.net/core/model/modx/modparser.class.php : 540) Could not find snippet with name &number=`1`
                                &date=`2018-12-26`
                                &time=`17:11:53`
                                &description=`sdfgsdfgsdfg`
                                &urgency=`10`
                                &date_close=``
                                &time_close=``
                                &description_close=``
                                &status=`открыто`.
[2018-12-26 17:48:43] (ERROR @ /home/user2051533/www/work1.d0022330.atservers.net/core/model/modx/modparser.class.php : 540) Could not find snippet with name &number=`1`
                                &date=`2018-12-26`
                                &time=`17:11:53`
                                &description=`sdfgsdfgsdfg`
                                &urgency=`10`
                                &date_close=``
                                &time_close=``
                                &description_close=``
                                &status=`открыто`.
[2018-12-26 17:53:24] (ERROR @ /home/user2051533/www/work1.d0022330.atservers.net/core/model/modx/modparser.class.php : 540) Could not find snippet with name &number=`1`
                                &date=`2018-12-26`
                                &time=`17:11:53`
                                &description=`sdfgsdfgsdfg`
                                &urgency=`10`
                                &date_close=``
                                &time_close=``
                                &description_close=``
                                &status=`открыто`.
[2018-12-26 17:53:24] (ERROR @ /home/user2051533/www/work1.d0022330.atservers.net/core/model/modx/modparser.class.php : 540) Could not find snippet with name &number=`1`
                                &date=`2018-12-26`
                                &time=`17:11:53`
                                &description=`sdfgsdfgsdfg`
                                &urgency=`10`
                                &date_close=``
                                &time_close=``
                                &description_close=``
                                &status=`открыто`.
[2018-12-26 17:53:24] (ERROR @ /home/user2051533/www/work1.d0022330.atservers.net/core/model/modx/modparser.class.php : 540) Could not find snippet with name &number=`1`
                                &date=`2018-12-26`
                                &time=`17:11:53`
                                &description=`sdfgsdfgsdfg`
                                &urgency=`10`
                                &date_close=``
                                &time_close=``
                                &description_close=``
                                &status=`открыто`.
[2018-12-26 17:53:47] (ERROR @ /home/user2051533/www/work1.d0022330.atservers.net/core/model/modx/modparser.class.php : 540) Could not find snippet with name &number=`1`
                                &date=`2018-12-26`
                                &time=`17:11:53`
                                &description=`sdfgsdfgsdfg`
                                &urgency=`10`
                                &date_close=``
                                &time_close=``
                                &description_close=``
                                &status=`открыто`.
[2018-12-26 17:53:47] (ERROR @ /home/user2051533/www/work1.d0022330.atservers.net/core/model/modx/modparser.class.php : 540) Could not find snippet with name &number=`1`
                                &date=`2018-12-26`
                                &time=`17:11:53`
                                &description=`sdfgsdfgsdfg`
                                &urgency=`10`
                                &date_close=``
                                &time_close=``
                                &description_close=``
                                &status=`открыто`.
[2018-12-26 17:53:47] (ERROR @ /home/user2051533/www/work1.d0022330.atservers.net/core/model/modx/modparser.class.php : 540) Could not find snippet with name &number=`1`
                                &date=`2018-12-26`
                                &time=`17:11:53`
                                &description=`sdfgsdfgsdfg`
                                &urgency=`10`
                                &date_close=``
                                &time_close=``
                                &description_close=``
                                &status=`открыто`.
[2018-12-26 17:56:03] (ERROR @ /home/user2051533/www/work1.d0022330.atservers.net/core/model/modx/modparser.class.php : 540) Could not find snippet with name &number=`1`
                                &date=`2018-12-26`
                                &time=`17:11:53`
                                &description=`sdfgsdfgsdfg`
                                &urgency=`10`
                                &date_close=``
                                &time_close=``
                                &description_close=``
                                &status=`открыто`.
[2018-12-26 17:56:03] (ERROR @ /home/user2051533/www/work1.d0022330.atservers.net/core/model/modx/modparser.class.php : 540) Could not find snippet with name &number=`1`
                                &date=`2018-12-26`
                                &time=`17:11:53`
                                &description=`sdfgsdfgsdfg`
                                &urgency=`10`
                                &date_close=``
                                &time_close=``
                                &description_close=``
                                &status=`открыто`.
[2018-12-26 17:56:03] (ERROR @ /home/user2051533/www/work1.d0022330.atservers.net/core/model/modx/modparser.class.php : 540) Could not find snippet with name &number=`1`
                                &date=`2018-12-26`
                                &time=`17:11:53`
                                &description=`sdfgsdfgsdfg`
                                &urgency=`10`
                                &date_close=``
                                &time_close=``
                                &description_close=``
                                &status=`открыто`.
[2018-12-26 18:02:11] (ERROR @ /home/user2051533/www/work1.d0022330.atservers.net/core/model/modx/modparser.class.php : 540) Could not find snippet with name &number=`1`
                                &date=`2018-12-26`
                                &time=`17:11:53`
                                &description=`sdfgsdfgsdfg`
                                &urgency=`10`
                                &date_close=``
                                &time_close=``
                                &description_close=``
                                &status=`открыто`.
[2018-12-26 18:02:11] (ERROR @ /home/user2051533/www/work1.d0022330.atservers.net/core/model/modx/modparser.class.php : 540) Could not find snippet with name &number=`1`
                                &date=`2018-12-26`
                                &time=`17:11:53`
                                &description=`sdfgsdfgsdfg`
                                &urgency=`10`
                                &date_close=``
                                &time_close=``
                                &description_close=``
                                &status=`открыто`.
[2018-12-26 18:02:11] (ERROR @ /home/user2051533/www/work1.d0022330.atservers.net/core/model/modx/modparser.class.php : 540) Could not find snippet with name &number=`1`
                                &date=`2018-12-26`
                                &time=`17:11:53`
                                &description=`sdfgsdfgsdfg`
                                &urgency=`10`
                                &date_close=``
                                &time_close=``
                                &description_close=``
                                &status=`открыто`.
[2018-12-26 18:02:51] (ERROR @ /home/user2051533/www/work1.d0022330.atservers.net/core/model/modx/modparser.class.php : 540) Could not find snippet with name &number=`1`
                                &date=`2018-12-26`
                                &time=`17:11:53`
                                &description=`sdfgsdfgsdfg`
                                &urgency=`10`
                                &date_close=``
                                &time_close=``
                                &description_close=``
                                &status=`открыто`.
[2018-12-26 18:02:51] (ERROR @ /home/user2051533/www/work1.d0022330.atservers.net/core/model/modx/modparser.class.php : 540) Could not find snippet with name &number=`1`
                                &date=`2018-12-26`
                                &time=`17:11:53`
                                &description=`sdfgsdfgsdfg`
                                &urgency=`10`
                                &date_close=``
                                &time_close=``
                                &description_close=``
                                &status=`открыто`.
[2018-12-26 18:02:51] (ERROR @ /home/user2051533/www/work1.d0022330.atservers.net/core/model/modx/modparser.class.php : 540) Could not find snippet with name &number=`1`
                                &date=`2018-12-26`
                                &time=`17:11:53`
                                &description=`sdfgsdfgsdfg`
                                &urgency=`10`
                                &date_close=``
                                &time_close=``
                                &description_close=``
                                &status=`открыто`.
[2018-12-26 18:04:26] (ERROR @ /home/user2051533/www/work1.d0022330.atservers.net/core/model/modx/modparser.class.php : 540) Could not find snippet with name &number=`1`
                                &date=`2018-12-26`
                                &time=`17:11:53`
                                &description=`sdfgsdfgsdfg`
                                &urgency=`10`
                                &date_close=``
                                &time_close=``
                                &description_close=``
                                &status=`открыто`.
[2018-12-26 18:04:26] (ERROR @ /home/user2051533/www/work1.d0022330.atservers.net/core/model/modx/modparser.class.php : 540) Could not find snippet with name &number=`1`
                                &date=`2018-12-26`
                                &time=`17:11:53`
                                &description=`sdfgsdfgsdfg`
                                &urgency=`10`
                                &date_close=``
                                &time_close=``
                                &description_close=``
                                &status=`открыто`.
[2018-12-26 18:04:26] (ERROR @ /home/user2051533/www/work1.d0022330.atservers.net/core/model/modx/modparser.class.php : 540) Could not find snippet with name &number=`1`
                                &date=`2018-12-26`
                                &time=`17:11:53`
                                &description=`sdfgsdfgsdfg`
                                &urgency=`10`
                                &date_close=``
                                &time_close=``
                                &description_close=``
                                &status=`открыто`.
[2018-12-27 09:21:16] (ERROR @ /home/user2051533/www/work1.d0022330.atservers.net/core/model/modx/modresponse.class.php : 210) Attempted to redirect to an empty URL.
[2018-12-27 09:37:27] (ERROR @ /home/user2051533/www/work1.d0022330.atservers.net/core/cache/includes/elements/modsnippet/37.include.cache.php : 22) PHP warning: mysqli_num_rows() expects parameter 1 to be mysqli_result, array given
[2018-12-27 11:32:18] (ERROR @ /home/user2051533/www/work1.d0022330.atservers.net/core/model/modx/modcachemanager.class.php : 344) Error caching lexicon topic lexicon/ru/core/element
[2018-12-27 11:39:27] (ERROR @ /home/user2051533/www/work1.d0022330.atservers.net/core/model/modx/modcachemanager.class.php : 344) Error caching lexicon topic lexicon/en/core/default
[2018-12-27 11:39:42] (ERROR @ /home/user2051533/www/work1.d0022330.atservers.net/core/model/modx/modcachemanager.class.php : 344) Error caching lexicon topic lexicon/ru/core/category
[2018-12-27 12:00:20] (ERROR @ /home/user2051533/www/work1.d0022330.atservers.net/core/cache/includes/elements/modsnippet/37.include.cache.php : 24) PHP warning: mysqli_data_seek() expects exactly 2 parameters, 1 given
[2018-12-27 12:00:20] (ERROR @ /home/user2051533/www/work1.d0022330.atservers.net/core/cache/includes/elements/modsnippet/37.include.cache.php : 24) PHP warning: mysqli_data_seek() expects exactly 2 parameters, 1 given
[2018-12-27 12:00:20] (ERROR @ /home/user2051533/www/work1.d0022330.atservers.net/core/cache/includes/elements/modsnippet/37.include.cache.php : 24) PHP warning: mysqli_data_seek() expects exactly 2 parameters, 1 given
[2018-12-27 12:01:33] (ERROR @ /home/user2051533/www/work1.d0022330.atservers.net/core/cache/includes/elements/modsnippet/37.include.cache.php : 24) PHP warning: mysqli_data_seek() expects exactly 2 parameters, 1 given
[2018-12-27 12:01:33] (ERROR @ /home/user2051533/www/work1.d0022330.atservers.net/core/cache/includes/elements/modsnippet/37.include.cache.php : 24) PHP warning: mysqli_data_seek() expects exactly 2 parameters, 1 given
[2018-12-27 12:01:33] (ERROR @ /home/user2051533/www/work1.d0022330.atservers.net/core/cache/includes/elements/modsnippet/37.include.cache.php : 24) PHP warning: mysqli_data_seek() expects exactly 2 parameters, 1 given
[2018-12-27 12:01:34] (ERROR @ /home/user2051533/www/work1.d0022330.atservers.net/core/cache/includes/elements/modsnippet/37.include.cache.php : 24) PHP warning: mysqli_data_seek() expects exactly 2 parameters, 1 given
[2018-12-27 12:01:34] (ERROR @ /home/user2051533/www/work1.d0022330.atservers.net/core/cache/includes/elements/modsnippet/37.include.cache.php : 24) PHP warning: mysqli_data_seek() expects exactly 2 parameters, 1 given
[2018-12-27 12:01:34] (ERROR @ /home/user2051533/www/work1.d0022330.atservers.net/core/cache/includes/elements/modsnippet/37.include.cache.php : 24) PHP warning: mysqli_data_seek() expects exactly 2 parameters, 1 given
[2018-12-27 12:01:38] (ERROR @ /home/user2051533/www/work1.d0022330.atservers.net/core/cache/includes/elements/modsnippet/37.include.cache.php : 24) PHP warning: mysqli_data_seek() expects exactly 2 parameters, 1 given
[2018-12-27 12:01:38] (ERROR @ /home/user2051533/www/work1.d0022330.atservers.net/core/cache/includes/elements/modsnippet/37.include.cache.php : 24) PHP warning: mysqli_data_seek() expects exactly 2 parameters, 1 given
[2018-12-27 12:01:38] (ERROR @ /home/user2051533/www/work1.d0022330.atservers.net/core/cache/includes/elements/modsnippet/37.include.cache.php : 24) PHP warning: mysqli_data_seek() expects exactly 2 parameters, 1 given
[2018-12-27 12:01:59] (ERROR @ /home/user2051533/www/work1.d0022330.atservers.net/core/cache/includes/elements/modsnippet/37.include.cache.php : 24) PHP warning: mysqli_data_seek() expects exactly 2 parameters, 1 given
[2018-12-27 12:01:59] (ERROR @ /home/user2051533/www/work1.d0022330.atservers.net/core/cache/includes/elements/modsnippet/37.include.cache.php : 24) PHP warning: mysqli_data_seek() expects exactly 2 parameters, 1 given
[2018-12-27 12:01:59] (ERROR @ /home/user2051533/www/work1.d0022330.atservers.net/core/cache/includes/elements/modsnippet/37.include.cache.php : 24) PHP warning: mysqli_data_seek() expects exactly 2 parameters, 1 given
[2018-12-27 12:02:23] (ERROR @ /home/user2051533/www/work1.d0022330.atservers.net/core/cache/includes/elements/modsnippet/37.include.cache.php : 25) PHP warning: mysqli_data_seek() expects exactly 2 parameters, 1 given
[2018-12-27 12:02:23] (ERROR @ /home/user2051533/www/work1.d0022330.atservers.net/core/cache/includes/elements/modsnippet/37.include.cache.php : 25) PHP warning: mysqli_data_seek() expects exactly 2 parameters, 1 given
[2018-12-27 12:02:23] (ERROR @ /home/user2051533/www/work1.d0022330.atservers.net/core/cache/includes/elements/modsnippet/37.include.cache.php : 25) PHP warning: mysqli_data_seek() expects exactly 2 parameters, 1 given
[2018-12-27 12:13:53] (ERROR @ /home/user2051533/www/work1.d0022330.atservers.net/core/cache/includes/elements/modsnippet/37.include.cache.php : 26) PHP warning: mysqli_fetch_row() expects parameter 1 to be mysqli_result, boolean given
[2018-12-27 12:13:53] (ERROR @ /home/user2051533/www/work1.d0022330.atservers.net/core/cache/includes/elements/modsnippet/37.include.cache.php : 25) PHP warning: mysqli_data_seek() expects parameter 1 to be mysqli_result, boolean given
[2018-12-27 12:13:53] (ERROR @ /home/user2051533/www/work1.d0022330.atservers.net/core/cache/includes/elements/modsnippet/37.include.cache.php : 26) PHP warning: mysqli_fetch_row() expects parameter 1 to be mysqli_result, null given
[2018-12-27 12:13:53] (ERROR @ /home/user2051533/www/work1.d0022330.atservers.net/core/cache/includes/elements/modsnippet/37.include.cache.php : 25) PHP warning: mysqli_data_seek() expects parameter 1 to be mysqli_result, null given
[2018-12-27 12:13:53] (ERROR @ /home/user2051533/www/work1.d0022330.atservers.net/core/cache/includes/elements/modsnippet/37.include.cache.php : 26) PHP warning: mysqli_fetch_row() expects parameter 1 to be mysqli_result, null given
[2018-12-27 12:14:14] (ERROR @ /home/user2051533/www/work1.d0022330.atservers.net/core/cache/includes/elements/modsnippet/37.include.cache.php : 25) PHP warning: mysqli_data_seek() expects exactly 2 parameters, 1 given
[2018-12-27 12:14:14] (ERROR @ /home/user2051533/www/work1.d0022330.atservers.net/core/cache/includes/elements/modsnippet/37.include.cache.php : 25) PHP warning: mysqli_data_seek() expects exactly 2 parameters, 1 given
[2018-12-27 12:14:14] (ERROR @ /home/user2051533/www/work1.d0022330.atservers.net/core/cache/includes/elements/modsnippet/37.include.cache.php : 25) PHP warning: mysqli_data_seek() expects exactly 2 parameters, 1 given
[2018-12-27 12:16:46] (ERROR @ /home/user2051533/www/work1.d0022330.atservers.net/core/model/modx/modcachemanager.class.php : 344) Error caching lexicon topic lexicon/ru/core/category
[2018-12-27 12:16:46] (ERROR @ /home/user2051533/www/work1.d0022330.atservers.net/core/model/modx/modcachemanager.class.php : 344) Error caching lexicon topic lexicon/ru/core/element
[2018-12-27 12:20:52] (ERROR @ /home/user2051533/www/work1.d0022330.atservers.net/core/cache/includes/elements/modsnippet/37.include.cache.php : 22) PHP warning: mysqli_data_seek() expects exactly 2 parameters, 1 given
[2018-12-27 12:23:41] (ERROR @ /home/user2051533/www/work1.d0022330.atservers.net/core/model/modx/modcachemanager.class.php : 344) Error caching lexicon topic lexicon/ru/core/element
[2018-12-27 12:50:49] (ERROR @ /home/user2051533/www/work1.d0022330.atservers.net/core/cache/includes/elements/modsnippet/37.include.cache.php : 33) PHP warning: date() expects parameter 2 to be integer, string given
[2018-12-27 12:50:49] (ERROR @ /home/user2051533/www/work1.d0022330.atservers.net/core/cache/includes/elements/modsnippet/37.include.cache.php : 33) PHP warning: date() expects parameter 2 to be integer, string given
[2018-12-27 12:50:49] (ERROR @ /home/user2051533/www/work1.d0022330.atservers.net/core/cache/includes/elements/modsnippet/37.include.cache.php : 33) PHP warning: date() expects parameter 2 to be integer, string given
[2018-12-27 12:52:21] (ERROR @ /home/user2051533/www/work1.d0022330.atservers.net/core/model/modx/modcachemanager.class.php : 344) Error caching lexicon topic lexicon/ru/core/default
[2018-12-28 13:19:00] (ERROR @ /home/user2051533/www/work1.d0022330.atservers.net/core/model/modx/modresponse.class.php : 210) Attempted to redirect to an empty URL.
[2018-12-30 11:41:28] (ERROR @ /home/user2051533/www/work1.d0022330.atservers.net/core/model/modx/modresponse.class.php : 210) Attempted to redirect to an empty URL.
[2018-12-30 11:41:40] (ERROR @ /home/user2051533/www/work1.d0022330.atservers.net/core/model/modx/modresponse.class.php : 210) Attempted to redirect to an empty URL.
[2018-12-30 12:47:01] (ERROR @ /home/user2051533/www/work1.d0022330.atservers.net/core/model/modx/modresponse.class.php : 210) Attempted to redirect to an empty URL.
[2019-01-01 14:34:42] (ERROR @ /home/user2051533/www/work1.d0022330.atservers.net/core/model/modx/modresponse.class.php : 210) Attempted to redirect to an empty URL.
[2019-01-02 18:28:25] (ERROR @ /home/user2051533/www/work1.d0022330.atservers.net/core/model/modx/modresponse.class.php : 210) Attempted to redirect to an empty URL.
[2019-01-02 18:34:17] (ERROR @ /home/user2051533/www/work1.d0022330.atservers.net/core/model/modx/modresponse.class.php : 210) Attempted to redirect to an empty URL.
[2019-01-03 17:31:28] (ERROR @ /home/user2051533/www/work1.d0022330.atservers.net/core/model/modx/modresponse.class.php : 210) Attempted to redirect to an empty URL.
[2019-01-06 13:33:43] (ERROR @ /home/user2051533/www/work1.d0022330.atservers.net/core/model/modx/modresponse.class.php : 210) Attempted to redirect to an empty URL.
[2019-01-06 13:33:58] (ERROR @ /home/user2051533/www/work1.d0022330.atservers.net/core/model/modx/modresponse.class.php : 210) Attempted to redirect to an empty URL.
[2019-01-09 09:04:22] (ERROR @ /home/user2051533/www/work1.d0022330.atservers.net/core/model/modx/modresponse.class.php : 210) Attempted to redirect to an empty URL.
[2019-01-09 09:06:26] (ERROR @ /home/user2051533/www/work1.d0022330.atservers.net/core/model/modx/modresponse.class.php : 210) Attempted to redirect to an empty URL.
[2019-01-09 17:36:38] (ERROR @ /home/user2051533/www/work1.d0022330.atservers.net/core/model/modx/modresponse.class.php : 210) Attempted to redirect to an empty URL.
[2019-01-11 16:20:34] (ERROR @ /home/user2051533/www/work1.d0022330.atservers.net/core/model/modx/modresponse.class.php : 210) Attempted to redirect to an empty URL.
[2019-01-14 17:49:31] (ERROR @ /home/user2051533/www/work1.d0022330.atservers.net/core/model/modx/modresponse.class.php : 210) Attempted to redirect to an empty URL.
[2019-01-14 17:54:12] (ERROR @ /home/user2051533/www/work1.d0022330.atservers.net/core/model/modx/modresponse.class.php : 210) Attempted to redirect to an empty URL.
[2019-01-19 18:42:48] (ERROR @ /home/user2051533/www/work1.d0022330.atservers.net/core/model/modx/modresponse.class.php : 210) Attempted to redirect to an empty URL.
[2019-01-19 18:44:10] (ERROR @ /home/user2051533/www/work1.d0022330.atservers.net/core/model/modx/modresponse.class.php : 210) Attempted to redirect to an empty URL.
[2019-01-19 19:06:38] (ERROR @ /home/user2051533/www/work1.d0022330.atservers.net/core/model/modx/modresponse.class.php : 210) Attempted to redirect to an empty URL.
[2019-01-19 19:07:26] (ERROR @ /home/user2051533/www/work1.d0022330.atservers.net/core/model/modx/modresponse.class.php : 210) Attempted to redirect to an empty URL.
[2019-01-20 15:37:09] (ERROR @ /home/user2051533/www/work1.d0022330.atservers.net/core/model/modx/modcachemanager.class.php : 344) Error caching lexicon topic lexicon/ru/core/element
[2019-01-20 15:46:41] (ERROR @ /home/user2051533/www/work1.d0022330.atservers.net/core/model/modx/modresponse.class.php : 210) Attempted to redirect to an empty URL.
[2019-01-20 15:48:22] (ERROR @ /home/user2051533/www/work1.d0022330.atservers.net/core/model/modx/modresponse.class.php : 210) Attempted to redirect to an empty URL.
[2019-01-20 15:48:30] (ERROR @ /home/user2051533/www/work1.d0022330.atservers.net/core/model/modx/modresponse.class.php : 210) Attempted to redirect to an empty URL.
[2019-01-20 15:48:36] (ERROR @ /home/user2051533/www/work1.d0022330.atservers.net/core/model/modx/modresponse.class.php : 210) Attempted to redirect to an empty URL.
[2019-01-20 15:48:54] (ERROR @ /home/user2051533/www/work1.d0022330.atservers.net/core/model/modx/modresponse.class.php : 210) Attempted to redirect to an empty URL.
[2019-01-20 15:49:25] (ERROR @ /home/user2051533/www/work1.d0022330.atservers.net/core/model/modx/modresponse.class.php : 210) Attempted to redirect to an empty URL.
[2019-01-20 15:50:48] (ERROR @ /home/user2051533/www/work1.d0022330.atservers.net/core/model/modx/modresponse.class.php : 210) Attempted to redirect to an empty URL.
[2019-01-20 17:23:37] (ERROR @ /home/user2051533/www/work1.d0022330.atservers.net/core/model/modx/modresponse.class.php : 210) Attempted to redirect to an empty URL.
[2019-01-20 17:53:42] (ERROR @ /home/user2051533/www/work1.d0022330.atservers.net/core/model/modx/modresponse.class.php : 210) Attempted to redirect to an empty URL.
[2019-01-20 17:53:54] (ERROR @ /home/user2051533/www/work1.d0022330.atservers.net/core/model/modx/modresponse.class.php : 210) Attempted to redirect to an empty URL.
[2019-01-20 17:55:56] (ERROR @ /home/user2051533/www/work1.d0022330.atservers.net/core/model/modx/modresponse.class.php : 210) Attempted to redirect to an empty URL.
[2019-01-20 17:56:10] (ERROR @ /home/user2051533/www/work1.d0022330.atservers.net/core/model/modx/modresponse.class.php : 210) Attempted to redirect to an empty URL.
[2019-01-20 17:56:19] (ERROR @ /home/user2051533/www/work1.d0022330.atservers.net/core/model/modx/modresponse.class.php : 210) Attempted to redirect to an empty URL.
[2019-01-20 17:56:25] (ERROR @ /home/user2051533/www/work1.d0022330.atservers.net/core/model/modx/modresponse.class.php : 210) Attempted to redirect to an empty URL.
[2019-01-20 17:57:18] (ERROR @ /home/user2051533/www/work1.d0022330.atservers.net/core/model/modx/modresponse.class.php : 210) Attempted to redirect to an empty URL.
[2019-01-20 18:44:24] (ERROR @ /home/user2051533/www/work1.d0022330.atservers.net/core/model/modx/modresponse.class.php : 210) Attempted to redirect to an empty URL.
[2019-01-20 18:44:47] (ERROR @ /home/user2051533/www/work1.d0022330.atservers.net/core/model/modx/modresponse.class.php : 210) Attempted to redirect to an empty URL.
[2019-01-20 18:44:52] (ERROR @ /home/user2051533/www/work1.d0022330.atservers.net/core/model/modx/modresponse.class.php : 210) Attempted to redirect to an empty URL.
[2019-01-20 18:52:59] (ERROR @ /home/user2051533/www/work1.d0022330.atservers.net/core/model/modx/modresponse.class.php : 210) Attempted to redirect to an empty URL.
[2019-01-20 18:57:16] (ERROR @ /home/user2051533/www/work1.d0022330.atservers.net/core/model/modx/modresponse.class.php : 210) Attempted to redirect to an empty URL.
[2019-01-20 18:57:25] (ERROR @ /home/user2051533/www/work1.d0022330.atservers.net/core/model/modx/modresponse.class.php : 210) Attempted to redirect to an empty URL.
[2019-01-20 19:06:16] (ERROR @ /home/user2051533/www/work1.d0022330.atservers.net/core/model/modx/modresponse.class.php : 210) Attempted to redirect to an empty URL.
[2019-01-20 19:06:18] (ERROR @ /home/user2051533/www/work1.d0022330.atservers.net/core/model/modx/modresponse.class.php : 210) Attempted to redirect to an empty URL.
[2019-01-20 19:07:03] (ERROR @ /home/user2051533/www/work1.d0022330.atservers.net/core/model/modx/modresponse.class.php : 210) Attempted to redirect to an empty URL.
[2019-01-20 19:12:40] (ERROR @ /home/user2051533/www/work1.d0022330.atservers.net/core/model/modx/modresponse.class.php : 210) Attempted to redirect to an empty URL.
[2019-01-20 19:12:42] (ERROR @ /home/user2051533/www/work1.d0022330.atservers.net/core/model/modx/modresponse.class.php : 210) Attempted to redirect to an empty URL.
[2019-01-20 19:35:46] (ERROR @ /home/user2051533/www/work1.d0022330.atservers.net/core/model/modx/modresponse.class.php : 210) Attempted to redirect to an empty URL.
[2019-01-20 19:35:54] (ERROR @ /home/user2051533/www/work1.d0022330.atservers.net/core/model/modx/modresponse.class.php : 210) Attempted to redirect to an empty URL.
[2019-01-20 19:46:25] (ERROR @ /home/user2051533/www/work1.d0022330.atservers.net/core/model/modx/modresponse.class.php : 210) Attempted to redirect to an empty URL.
[2019-01-29 14:26:27] (ERROR @ /home/user2051533/www/work1.d0022330.atservers.net/core/model/modx/modresponse.class.php : 210) Attempted to redirect to an empty URL.
[2019-01-29 16:22:03] (ERROR in modPBKDF2::hash @ /home/user2051533/www/work1.d0022330.atservers.net/core/model/modx/hashing/modpbkdf2.class.php : 54) PBKDF2 requires a valid salt string.
[2019-01-29 16:22:03] (ERROR in modPBKDF2::hash @ /home/user2051533/www/work1.d0022330.atservers.net/core/model/modx/hashing/modpbkdf2.class.php : 54) PBKDF2 requires a valid salt string.
[2019-01-29 16:22:03] (ERROR in modPBKDF2::hash @ /home/user2051533/www/work1.d0022330.atservers.net/core/model/modx/hashing/modpbkdf2.class.php : 54) PBKDF2 requires a valid salt string.
[2019-01-29 16:22:26] (ERROR @ /home/user2051533/www/work1.d0022330.atservers.net/core/xpdo/xpdo.class.php : 1320) Could not get table class for class: modAccess
[2019-01-29 16:22:26] (ERROR @ /home/user2051533/www/work1.d0022330.atservers.net/core/xpdo/xpdo.class.php : 1289) Could not get table name for class: modAccess
[2019-01-29 16:22:26] (ERROR @ /home/user2051533/www/work1.d0022330.atservers.net/core/xpdo/om/xpdoobject.class.php : 240) Error 42000 executing statement: 
Array
(
    [0] => 42000
    [1] => 1064
    [2] => You have an error in your SQL syntax; check the manual that corresponds to your MySQL server version for the right syntax to use near 'AS `modAccess` WHERE `modAccess`.`principal` = 22' at line 1
)

[2019-01-29 16:25:34] (ERROR @ /home/user2051533/www/work1.d0022330.atservers.net/core/model/modx/modresponse.class.php : 210) Attempted to redirect to an empty URL.
[2019-01-30 09:31:32] (ERROR @ /home/user2051533/www/work1.d0022330.atservers.net/core/model/modx/modresponse.class.php : 210) Attempted to redirect to an empty URL.
[2019-01-30 15:27:45] (ERROR @ /home/user2051533/www/work1.d0022330.atservers.net/core/model/modx/modresponse.class.php : 210) Attempted to redirect to an empty URL.
[2019-01-30 15:27:58] (ERROR @ /home/user2051533/www/work1.d0022330.atservers.net/core/model/modx/modresponse.class.php : 210) Attempted to redirect to an empty URL.
[2019-01-30 15:28:10] (ERROR @ /home/user2051533/www/work1.d0022330.atservers.net/core/model/modx/modresponse.class.php : 210) Attempted to redirect to an empty URL.
[2019-01-30 15:28:19] (ERROR @ /home/user2051533/www/work1.d0022330.atservers.net/core/model/modx/modresponse.class.php : 210) Attempted to redirect to an empty URL.
[2019-01-30 15:38:33] (ERROR @ /home/user2051533/www/work1.d0022330.atservers.net/core/model/modx/modresponse.class.php : 210) Attempted to redirect to an empty URL.
[2019-01-30 15:39:00] (ERROR @ /home/user2051533/www/work1.d0022330.atservers.net/core/model/modx/modresponse.class.php : 210) Attempted to redirect to an empty URL.
[2019-01-30 15:39:05] (ERROR @ /home/user2051533/www/work1.d0022330.atservers.net/core/model/modx/modresponse.class.php : 210) Attempted to redirect to an empty URL.
[2019-01-30 15:40:14] (ERROR @ /home/user2051533/www/work1.d0022330.atservers.net/core/model/modx/modresponse.class.php : 210) Attempted to redirect to an empty URL.
[2019-01-30 15:40:18] (ERROR @ /home/user2051533/www/work1.d0022330.atservers.net/core/model/modx/modresponse.class.php : 210) Attempted to redirect to an empty URL.
[2019-01-30 15:40:32] (ERROR @ /home/user2051533/www/work1.d0022330.atservers.net/core/model/modx/modresponse.class.php : 210) Attempted to redirect to an empty URL.
[2019-01-30 15:48:19] (ERROR @ /home/user2051533/www/work1.d0022330.atservers.net/core/model/modx/modresponse.class.php : 210) Attempted to redirect to an empty URL.
[2019-01-30 15:48:28] (ERROR @ /home/user2051533/www/work1.d0022330.atservers.net/core/model/modx/modresponse.class.php : 210) Attempted to redirect to an empty URL.
[2019-01-30 16:01:58] (ERROR in xPDOConnection::connect @ /home/user2051533/www/work1.d0022330.atservers.net/core/xpdo/xpdo.class.php : 3119) SQLSTATE[28000] [1045] Access denied for user 'work1'@'localhost' (using password: YES)
[2019-01-30 16:01:58] (ERROR @ /home/user2051533/www/work1.d0022330.atservers.net/core/xpdo/om/xpdoquery.class.php : 652) Could not construct or prepare query because it is invalid or could not connect: SELECT `modExtensionPackage`.`id`, `modExtensionPackage`.`namespace`, `modExtensionPackage`.`name`, `modExtensionPackage`.`path`, `modExtensionPackage`.`table_prefix`, `modExtensionPackage`.`service_class`, `modExtensionPackage`.`service_name`, `modExtensionPackage`.`created_at`, `modExtensionPackage`.`updated_at`, Namespace.path AS namespace_path FROM `modx_extension_packages` AS `modExtensionPackage` JOIN `modx_namespaces` `Namespace` ON `modExtensionPackage`.`namespace` =  `Namespace`.`name` ORDER BY namespace ASC 
[2019-01-30 16:01:58] (ERROR in xPDOConnection::connect @ /home/user2051533/www/work1.d0022330.atservers.net/core/xpdo/xpdo.class.php : 3119) SQLSTATE[28000] [1045] Access denied for user 'work1'@'localhost' (using password: YES)
[2019-01-30 16:01:58] (ERROR @ /home/user2051533/www/work1.d0022330.atservers.net/core/xpdo/om/xpdoquery.class.php : 652) Could not construct or prepare query because it is invalid or could not connect: SELECT `modSession`.`id` AS `modSession_id`, `modSession`.`access` AS `modSession_access`, `modSession`.`data` AS `modSession_data` FROM `modx_session` AS `modSession` WHERE `modSession`.`id` = ? 
[2019-01-30 16:01:58] (ERROR in xPDOConnection::connect @ /home/user2051533/www/work1.d0022330.atservers.net/core/xpdo/xpdo.class.php : 3119) SQLSTATE[28000] [1045] Access denied for user 'work1'@'localhost' (using password: YES)
[2019-01-30 16:01:58] (ERROR @ /home/user2051533/www/work1.d0022330.atservers.net/core/xpdo/om/xpdoobject.class.php : 263) Error preparing statement for query: SELECT `modSession`.`id` AS `modSession_id`, `modSession`.`access` AS `modSession_access`, `modSession`.`data` AS `modSession_data` FROM `modx_session` AS `modSession` WHERE `modSession`.`id` = ?  - 
[2019-01-30 16:01:58] (ERROR in xPDOConnection::connect @ /home/user2051533/www/work1.d0022330.atservers.net/core/xpdo/xpdo.class.php : 3119) SQLSTATE[28000] [1045] Access denied for user 'work1'@'localhost' (using password: YES)
[2019-01-30 16:01:58] (ERROR @ /home/user2051533/www/work1.d0022330.atservers.net/core/xpdo/om/xpdoquery.class.php : 652) Could not construct or prepare query because it is invalid or could not connect: SELECT `modSession`.`id` AS `modSession_id`, `modSession`.`access` AS `modSession_access`, `modSession`.`data` AS `modSession_data` FROM `modx_session` AS `modSession` WHERE `modSession`.`id` = ? 
[2019-01-30 16:01:58] (ERROR in xPDOConnection::connect @ /home/user2051533/www/work1.d0022330.atservers.net/core/xpdo/xpdo.class.php : 3119) SQLSTATE[28000] [1045] Access denied for user 'work1'@'localhost' (using password: YES)
[2019-01-30 16:01:58] (ERROR @ /home/user2051533/www/work1.d0022330.atservers.net/core/xpdo/om/xpdoobject.class.php : 263) Error preparing statement for query: SELECT `modSession`.`id` AS `modSession_id`, `modSession`.`access` AS `modSession_access`, `modSession`.`data` AS `modSession_data` FROM `modx_session` AS `modSession` WHERE `modSession`.`id` = ?  - 
[2019-01-30 16:01:58] (ERROR in xPDOConnection::connect @ /home/user2051533/www/work1.d0022330.atservers.net/core/xpdo/xpdo.class.php : 3119) SQLSTATE[28000] [1045] Access denied for user 'work1'@'localhost' (using password: YES)
[2019-01-30 16:01:58] (ERROR in xPDOConnection::connect @ /home/user2051533/www/work1.d0022330.atservers.net/core/xpdo/xpdo.class.php : 3119) SQLSTATE[28000] [1045] Access denied for user 'work1'@'localhost' (using password: YES)
[2019-01-30 16:01:59] (ERROR in xPDOConnection::connect @ /home/user2051533/www/work1.d0022330.atservers.net/core/xpdo/xpdo.class.php : 3119) SQLSTATE[28000] [1045] Access denied for user 'work1'@'localhost' (using password: YES)
[2019-01-30 16:01:59] (ERROR @ /home/user2051533/www/work1.d0022330.atservers.net/core/xpdo/om/xpdoquery.class.php : 652) Could not construct or prepare query because it is invalid or could not connect: SELECT `modExtensionPackage`.`id`, `modExtensionPackage`.`namespace`, `modExtensionPackage`.`name`, `modExtensionPackage`.`path`, `modExtensionPackage`.`table_prefix`, `modExtensionPackage`.`service_class`, `modExtensionPackage`.`service_name`, `modExtensionPackage`.`created_at`, `modExtensionPackage`.`updated_at`, Namespace.path AS namespace_path FROM `modx_extension_packages` AS `modExtensionPackage` JOIN `modx_namespaces` `Namespace` ON `modExtensionPackage`.`namespace` =  `Namespace`.`name` ORDER BY namespace ASC 
[2019-01-30 16:01:59] (ERROR in xPDOConnection::connect @ /home/user2051533/www/work1.d0022330.atservers.net/core/xpdo/xpdo.class.php : 3119) SQLSTATE[28000] [1045] Access denied for user 'work1'@'localhost' (using password: YES)
[2019-01-30 16:01:59] (ERROR @ /home/user2051533/www/work1.d0022330.atservers.net/core/xpdo/om/xpdoquery.class.php : 652) Could not construct or prepare query because it is invalid or could not connect: SELECT `modSession`.`id` AS `modSession_id`, `modSession`.`access` AS `modSession_access`, `modSession`.`data` AS `modSession_data` FROM `modx_session` AS `modSession` WHERE `modSession`.`id` = ? 
[2019-01-30 16:01:59] (ERROR in xPDOConnection::connect @ /home/user2051533/www/work1.d0022330.atservers.net/core/xpdo/xpdo.class.php : 3119) SQLSTATE[28000] [1045] Access denied for user 'work1'@'localhost' (using password: YES)
[2019-01-30 16:01:59] (ERROR @ /home/user2051533/www/work1.d0022330.atservers.net/core/xpdo/om/xpdoobject.class.php : 263) Error preparing statement for query: SELECT `modSession`.`id` AS `modSession_id`, `modSession`.`access` AS `modSession_access`, `modSession`.`data` AS `modSession_data` FROM `modx_session` AS `modSession` WHERE `modSession`.`id` = ?  - 
[2019-01-30 16:01:59] (ERROR in xPDOConnection::connect @ /home/user2051533/www/work1.d0022330.atservers.net/core/xpdo/xpdo.class.php : 3119) SQLSTATE[28000] [1045] Access denied for user 'work1'@'localhost' (using password: YES)
[2019-01-30 16:01:59] (ERROR @ /home/user2051533/www/work1.d0022330.atservers.net/core/xpdo/om/xpdoquery.class.php : 652) Could not construct or prepare query because it is invalid or could not connect: SELECT `id` FROM `modx_site_content` AS `modResource` WHERE  ( `modResource`.`context_key` = ? AND `modResource`.`uri` = ? AND `modResource`.`deleted` = ? )  
[2019-01-30 16:01:59] (ERROR in xPDOConnection::connect @ /home/user2051533/www/work1.d0022330.atservers.net/core/xpdo/xpdo.class.php : 3119) SQLSTATE[28000] [1045] Access denied for user 'work1'@'localhost' (using password: YES)
[2019-01-30 16:01:59] (ERROR @ /home/user2051533/www/work1.d0022330.atservers.net/core/xpdo/om/xpdoquery.class.php : 652) Could not construct or prepare query because it is invalid or could not connect: SELECT `id` FROM `modx_site_content` AS `modResource` WHERE  ( `modResource`.`context_key` = ? AND `modResource`.`uri` = ? AND `modResource`.`deleted` = ? )  
[2019-01-30 16:01:59] (ERROR in xPDOConnection::connect @ /home/user2051533/www/work1.d0022330.atservers.net/core/xpdo/xpdo.class.php : 3119) SQLSTATE[28000] [1045] Access denied for user 'work1'@'localhost' (using password: YES)
[2019-01-30 16:01:59] (ERROR @ /home/user2051533/www/work1.d0022330.atservers.net/core/xpdo/om/xpdoquery.class.php : 652) Could not construct or prepare query because it is invalid or could not connect: SELECT `id` FROM `modx_site_content` AS `modResource` WHERE  ( `modResource`.`context_key` = ? AND `modResource`.`uri` = ? AND `modResource`.`deleted` = ? )  
[2019-01-30 16:01:59] (ERROR in xPDOConnection::connect @ /home/user2051533/www/work1.d0022330.atservers.net/core/xpdo/xpdo.class.php : 3119) SQLSTATE[28000] [1045] Access denied for user 'work1'@'localhost' (using password: YES)
[2019-01-30 16:01:59] (ERROR @ /home/user2051533/www/work1.d0022330.atservers.net/core/xpdo/om/xpdoquery.class.php : 652) Could not construct or prepare query because it is invalid or could not connect: SELECT `modSession`.`id` AS `modSession_id`, `modSession`.`access` AS `modSession_access`, `modSession`.`data` AS `modSession_data` FROM `modx_session` AS `modSession` WHERE `modSession`.`id` = ? 
[2019-01-30 16:01:59] (ERROR in xPDOConnection::connect @ /home/user2051533/www/work1.d0022330.atservers.net/core/xpdo/xpdo.class.php : 3119) SQLSTATE[28000] [1045] Access denied for user 'work1'@'localhost' (using password: YES)
[2019-01-30 16:01:59] (ERROR @ /home/user2051533/www/work1.d0022330.atservers.net/core/xpdo/om/xpdoobject.class.php : 263) Error preparing statement for query: SELECT `modSession`.`id` AS `modSession_id`, `modSession`.`access` AS `modSession_access`, `modSession`.`data` AS `modSession_data` FROM `modx_session` AS `modSession` WHERE `modSession`.`id` = ?  - 
[2019-01-30 16:01:59] (ERROR in xPDOConnection::connect @ /home/user2051533/www/work1.d0022330.atservers.net/core/xpdo/xpdo.class.php : 3119) SQLSTATE[28000] [1045] Access denied for user 'work1'@'localhost' (using password: YES)
[2019-01-30 16:01:59] (ERROR in xPDOConnection::connect @ /home/user2051533/www/work1.d0022330.atservers.net/core/xpdo/xpdo.class.php : 3119) SQLSTATE[28000] [1045] Access denied for user 'work1'@'localhost' (using password: YES)
[2019-01-30 16:02:01] (ERROR in xPDOConnection::connect @ /home/user2051533/www/work1.d0022330.atservers.net/core/xpdo/xpdo.class.php : 3119) SQLSTATE[28000] [1045] Access denied for user 'work1'@'localhost' (using password: YES)
[2019-01-30 16:02:01] (ERROR @ /home/user2051533/www/work1.d0022330.atservers.net/core/xpdo/om/xpdoquery.class.php : 652) Could not construct or prepare query because it is invalid or could not connect: SELECT `modExtensionPackage`.`id`, `modExtensionPackage`.`namespace`, `modExtensionPackage`.`name`, `modExtensionPackage`.`path`, `modExtensionPackage`.`table_prefix`, `modExtensionPackage`.`service_class`, `modExtensionPackage`.`service_name`, `modExtensionPackage`.`created_at`, `modExtensionPackage`.`updated_at`, Namespace.path AS namespace_path FROM `modx_extension_packages` AS `modExtensionPackage` JOIN `modx_namespaces` `Namespace` ON `modExtensionPackage`.`namespace` =  `Namespace`.`name` ORDER BY namespace ASC 
[2019-01-30 16:02:01] (ERROR in xPDOConnection::connect @ /home/user2051533/www/work1.d0022330.atservers.net/core/xpdo/xpdo.class.php : 3119) SQLSTATE[28000] [1045] Access denied for user 'work1'@'localhost' (using password: YES)
[2019-01-30 16:02:01] (ERROR @ /home/user2051533/www/work1.d0022330.atservers.net/core/xpdo/om/xpdoquery.class.php : 652) Could not construct or prepare query because it is invalid or could not connect: SELECT `modSession`.`id` AS `modSession_id`, `modSession`.`access` AS `modSession_access`, `modSession`.`data` AS `modSession_data` FROM `modx_session` AS `modSession` WHERE `modSession`.`id` = ? 
[2019-01-30 16:02:01] (ERROR in xPDOConnection::connect @ /home/user2051533/www/work1.d0022330.atservers.net/core/xpdo/xpdo.class.php : 3119) SQLSTATE[28000] [1045] Access denied for user 'work1'@'localhost' (using password: YES)
[2019-01-30 16:02:01] (ERROR @ /home/user2051533/www/work1.d0022330.atservers.net/core/xpdo/om/xpdoobject.class.php : 263) Error preparing statement for query: SELECT `modSession`.`id` AS `modSession_id`, `modSession`.`access` AS `modSession_access`, `modSession`.`data` AS `modSession_data` FROM `modx_session` AS `modSession` WHERE `modSession`.`id` = ?  - 
[2019-01-30 16:02:01] (ERROR in xPDOConnection::connect @ /home/user2051533/www/work1.d0022330.atservers.net/core/xpdo/xpdo.class.php : 3119) SQLSTATE[28000] [1045] Access denied for user 'work1'@'localhost' (using password: YES)
[2019-01-30 16:02:01] (ERROR @ /home/user2051533/www/work1.d0022330.atservers.net/core/xpdo/om/xpdoquery.class.php : 652) Could not construct or prepare query because it is invalid or could not connect: SELECT `modSession`.`id` AS `modSession_id`, `modSession`.`access` AS `modSession_access`, `modSession`.`data` AS `modSession_data` FROM `modx_session` AS `modSession` WHERE `modSession`.`id` = ? 
[2019-01-30 16:02:01] (ERROR in xPDOConnection::connect @ /home/user2051533/www/work1.d0022330.atservers.net/core/xpdo/xpdo.class.php : 3119) SQLSTATE[28000] [1045] Access denied for user 'work1'@'localhost' (using password: YES)
[2019-01-30 16:02:01] (ERROR @ /home/user2051533/www/work1.d0022330.atservers.net/core/xpdo/om/xpdoobject.class.php : 263) Error preparing statement for query: SELECT `modSession`.`id` AS `modSession_id`, `modSession`.`access` AS `modSession_access`, `modSession`.`data` AS `modSession_data` FROM `modx_session` AS `modSession` WHERE `modSession`.`id` = ?  - 
[2019-01-30 16:02:01] (ERROR in xPDOConnection::connect @ /home/user2051533/www/work1.d0022330.atservers.net/core/xpdo/xpdo.class.php : 3119) SQLSTATE[28000] [1045] Access denied for user 'work1'@'localhost' (using password: YES)
[2019-01-30 16:02:01] (ERROR in xPDOConnection::connect @ /home/user2051533/www/work1.d0022330.atservers.net/core/xpdo/xpdo.class.php : 3119) SQLSTATE[28000] [1045] Access denied for user 'work1'@'localhost' (using password: YES)
[2019-01-30 16:05:22] (ERROR @ /home/user2051533/www/work1.d0022330.atservers.net/core/cache/includes/elements/modsnippet/37.include.cache.php : 12) PHP warning: mysqli_connect(): (28000/1045): Access denied for user 'work1'@'localhost' (using password: YES)
[2019-01-30 16:05:22] (ERROR @ /home/user2051533/www/work1.d0022330.atservers.net/core/cache/includes/elements/modsnippet/37.include.cache.php : 13) PHP warning: mysqli_query() expects parameter 1 to be mysqli, boolean given
[2019-01-30 16:05:22] (ERROR @ /home/user2051533/www/work1.d0022330.atservers.net/core/cache/includes/elements/modsnippet/37.include.cache.php : 15) PHP warning: mysqli_query() expects parameter 1 to be mysqli, boolean given
[2019-01-30 16:16:26] (ERROR @ /home/user2051533/www/work1.d0022330.atservers.net/core/model/modx/modresponse.class.php : 210) Attempted to redirect to an empty URL.
[2019-01-30 16:16:55] (ERROR @ /home/user2051533/www/work1.d0022330.atservers.net/core/model/modx/modresponse.class.php : 210) Attempted to redirect to an empty URL.
[2019-01-30 16:48:28] (ERROR @ /home/user2051533/www/work1.d0022330.atservers.net/core/model/modx/modresponse.class.php : 210) Attempted to redirect to an empty URL.
[2019-01-30 16:48:40] (ERROR @ /home/user2051533/www/work1.d0022330.atservers.net/core/model/modx/modresponse.class.php : 210) Attempted to redirect to an empty URL.
[2019-01-30 16:48:55] (ERROR @ /home/user2051533/www/work1.d0022330.atservers.net/core/model/modx/modresponse.class.php : 210) Attempted to redirect to an empty URL.
[2019-01-30 16:49:05] (ERROR @ /home/user2051533/www/work1.d0022330.atservers.net/core/model/modx/modresponse.class.php : 210) Attempted to redirect to an empty URL.
[2019-01-30 16:53:23] (ERROR @ /home/user2051533/www/work1.d0022330.atservers.net/core/xpdo/xpdo.class.php : 644) Could not load class: first_line from mysql.first_line.
[2019-01-30 16:53:23] (ERROR @ /home/user2051533/www/work1.d0022330.atservers.net/core/xpdo/xpdo.class.php : 762) first_line::loadCollection() is not a valid static method.
[2019-01-30 16:53:48] (ERROR @ /home/user2051533/www/work1.d0022330.atservers.net/core/model/modx/modparser.class.php : 540) Could not find snippet with name [$Header.
[2019-01-30 16:53:48] (ERROR @ /home/user2051533/www/work1.d0022330.atservers.net/core/model/modx/modparser.class.php : 540) Could not find snippet with name [$Pop_ups.
[2019-01-30 16:53:48] (ERROR @ /home/user2051533/www/work1.d0022330.atservers.net/core/model/modx/modparser.class.php : 540) Could not find snippet with name [$Footer_left_menu.
[2019-01-30 16:53:48] (ERROR @ /home/user2051533/www/work1.d0022330.atservers.net/core/model/modx/modparser.class.php : 540) Could not find snippet with name [$Left_menu.
[2019-01-30 16:53:48] (ERROR @ /home/user2051533/www/work1.d0022330.atservers.net/core/model/modx/modparser.class.php : 540) Could not find snippet with name [$script_form_validate.
[2019-01-30 16:53:48] (ERROR @ /home/user2051533/www/work1.d0022330.atservers.net/core/model/modx/modparser.class.php : 540) Could not find snippet with name [$check_new_order.
[2019-01-30 16:53:48] (ERROR @ /home/user2051533/www/work1.d0022330.atservers.net/core/model/modx/modparser.class.php : 540) Could not find snippet with name [$Header.
[2019-01-30 16:53:48] (ERROR @ /home/user2051533/www/work1.d0022330.atservers.net/core/model/modx/modparser.class.php : 540) Could not find snippet with name [$Pop_ups.
[2019-01-30 16:53:48] (ERROR @ /home/user2051533/www/work1.d0022330.atservers.net/core/model/modx/modparser.class.php : 540) Could not find snippet with name [$Footer_left_menu.
[2019-01-30 16:53:48] (ERROR @ /home/user2051533/www/work1.d0022330.atservers.net/core/model/modx/modparser.class.php : 540) Could not find snippet with name [$Left_menu.
[2019-01-30 16:53:48] (ERROR @ /home/user2051533/www/work1.d0022330.atservers.net/core/model/modx/modparser.class.php : 540) Could not find snippet with name [$script_form_validate.
[2019-01-30 16:53:48] (ERROR @ /home/user2051533/www/work1.d0022330.atservers.net/core/model/modx/modparser.class.php : 540) Could not find snippet with name [$check_new_order.
[2019-01-30 16:53:48] (ERROR @ /home/user2051533/www/work1.d0022330.atservers.net/core/model/modx/modparser.class.php : 540) Could not find snippet with name [$Header.
[2019-01-30 16:53:48] (ERROR @ /home/user2051533/www/work1.d0022330.atservers.net/core/model/modx/modparser.class.php : 540) Could not find snippet with name [$Pop_ups.
[2019-01-30 16:53:48] (ERROR @ /home/user2051533/www/work1.d0022330.atservers.net/core/model/modx/modparser.class.php : 540) Could not find snippet with name [$Footer_left_menu.
[2019-01-30 16:53:48] (ERROR @ /home/user2051533/www/work1.d0022330.atservers.net/core/model/modx/modparser.class.php : 540) Could not find snippet with name [$Left_menu.
[2019-01-30 16:53:48] (ERROR @ /home/user2051533/www/work1.d0022330.atservers.net/core/model/modx/modparser.class.php : 540) Could not find snippet with name [$script_form_validate.
[2019-01-30 16:53:48] (ERROR @ /home/user2051533/www/work1.d0022330.atservers.net/core/model/modx/modparser.class.php : 540) Could not find snippet with name [$check_new_order.
[2019-01-30 17:00:30] (ERROR @ /home/user2051533/www/work1.d0022330.atservers.net/core/model/modx/modcachemanager.class.php : 344) Error caching lexicon topic lexicon/ru/core/default
[2019-01-30 17:08:03] (ERROR @ /home/user2051533/www/work1.d0022330.atservers.net/core/cache/includes/elements/modsnippet/39.include.cache.php : 16) Recoverable error: Object of class modUserGroup_mysql could not be converted to string
[2019-01-30 17:08:03] (ERROR @ /home/user2051533/www/work1.d0022330.atservers.net/core/cache/includes/elements/modsnippet/39.include.cache.php : 16) Recoverable error: Object of class modUserGroup_mysql could not be converted to string
[2019-01-30 17:08:03] (ERROR @ /home/user2051533/www/work1.d0022330.atservers.net/core/cache/includes/elements/modsnippet/39.include.cache.php : 16) Recoverable error: Object of class modUserGroup_mysql could not be converted to string
[2019-01-30 17:08:14] (ERROR @ /home/user2051533/www/work1.d0022330.atservers.net/core/model/modx/modparser.class.php : 540) Could not find snippet with name [$Header.
[2019-01-30 17:08:14] (ERROR @ /home/user2051533/www/work1.d0022330.atservers.net/core/model/modx/modparser.class.php : 540) Could not find snippet with name [$Pop_ups.
[2019-01-30 17:08:14] (ERROR @ /home/user2051533/www/work1.d0022330.atservers.net/core/model/modx/modparser.class.php : 540) Could not find snippet with name [$Footer_left_menu.
[2019-01-30 17:08:14] (ERROR @ /home/user2051533/www/work1.d0022330.atservers.net/core/model/modx/modparser.class.php : 540) Could not find snippet with name [$Left_menu.
[2019-01-30 17:08:14] (ERROR @ /home/user2051533/www/work1.d0022330.atservers.net/core/model/modx/modparser.class.php : 540) Could not find snippet with name [$script_form_validate.
[2019-01-30 17:08:14] (ERROR @ /home/user2051533/www/work1.d0022330.atservers.net/core/model/modx/modparser.class.php : 540) Could not find snippet with name [$check_new_order.
[2019-01-30 17:08:14] (ERROR @ /home/user2051533/www/work1.d0022330.atservers.net/core/model/modx/modparser.class.php : 540) Could not find snippet with name [$Header.
[2019-01-30 17:08:14] (ERROR @ /home/user2051533/www/work1.d0022330.atservers.net/core/model/modx/modparser.class.php : 540) Could not find snippet with name [$Pop_ups.
[2019-01-30 17:08:14] (ERROR @ /home/user2051533/www/work1.d0022330.atservers.net/core/model/modx/modparser.class.php : 540) Could not find snippet with name [$Footer_left_menu.
[2019-01-30 17:08:14] (ERROR @ /home/user2051533/www/work1.d0022330.atservers.net/core/model/modx/modparser.class.php : 540) Could not find snippet with name [$Left_menu.
[2019-01-30 17:08:14] (ERROR @ /home/user2051533/www/work1.d0022330.atservers.net/core/model/modx/modparser.class.php : 540) Could not find snippet with name [$script_form_validate.
[2019-01-30 17:08:14] (ERROR @ /home/user2051533/www/work1.d0022330.atservers.net/core/model/modx/modparser.class.php : 540) Could not find snippet with name [$check_new_order.
[2019-01-30 17:08:14] (ERROR @ /home/user2051533/www/work1.d0022330.atservers.net/core/model/modx/modparser.class.php : 540) Could not find snippet with name [$Header.
[2019-01-30 17:08:14] (ERROR @ /home/user2051533/www/work1.d0022330.atservers.net/core/model/modx/modparser.class.php : 540) Could not find snippet with name [$Pop_ups.
[2019-01-30 17:08:14] (ERROR @ /home/user2051533/www/work1.d0022330.atservers.net/core/model/modx/modparser.class.php : 540) Could not find snippet with name [$Footer_left_menu.
[2019-01-30 17:08:14] (ERROR @ /home/user2051533/www/work1.d0022330.atservers.net/core/model/modx/modparser.class.php : 540) Could not find snippet with name [$Left_menu.
[2019-01-30 17:08:14] (ERROR @ /home/user2051533/www/work1.d0022330.atservers.net/core/model/modx/modparser.class.php : 540) Could not find snippet with name [$script_form_validate.
[2019-01-30 17:08:14] (ERROR @ /home/user2051533/www/work1.d0022330.atservers.net/core/model/modx/modparser.class.php : 540) Could not find snippet with name [$check_new_order.
[2019-01-30 17:47:42] (ERROR @ /home/user2051533/www/work1.d0022330.atservers.net/core/xpdo/xpdo.class.php : 1826) No foreign key definition for parentClass: modUser using relation alias: name
[2019-01-30 17:50:44] (ERROR @ /home/user2051533/www/work1.d0022330.atservers.net/core/model/modx/modresponse.class.php : 210) Attempted to redirect to an empty URL.
[2019-01-30 17:56:10] (ERROR @ /home/user2051533/www/work1.d0022330.atservers.net/core/model/modx/modcachemanager.class.php : 344) Error caching lexicon topic lexicon/ru/core/default
[2019-01-30 22:03:06] (ERROR @ /home/user2051533/www/work1.d0022330.atservers.net/core/model/modx/modresponse.class.php : 210) Attempted to redirect to an empty URL.
[2019-01-31 09:13:12] (ERROR @ /home/user2051533/www/work1.d0022330.atservers.net/core/model/modx/modresponse.class.php : 210) Attempted to redirect to an empty URL.
[2019-01-31 11:01:37] (ERROR @ /home/user2051533/www/work1.d0022330.atservers.net/core/model/modx/modresponse.class.php : 210) Attempted to redirect to an empty URL.
[2019-01-31 11:01:49] (ERROR @ /home/user2051533/www/work1.d0022330.atservers.net/core/model/modx/modresponse.class.php : 210) Attempted to redirect to an empty URL.
[2019-01-31 11:06:22] (ERROR @ /home/user2051533/www/work1.d0022330.atservers.net/core/model/modx/modresponse.class.php : 210) Attempted to redirect to an empty URL.
[2019-01-31 11:06:28] (ERROR @ /home/user2051533/www/work1.d0022330.atservers.net/core/model/modx/modresponse.class.php : 210) Attempted to redirect to an empty URL.
[2019-01-31 12:08:30] (ERROR @ /home/user2051533/www/work1.d0022330.atservers.net/core/model/modx/modresponse.class.php : 210) Attempted to redirect to an empty URL.
[2019-01-31 12:09:10] (ERROR @ /home/user2051533/www/work1.d0022330.atservers.net/php/order_form_check.php : 69) PHP warning: mysqli_connect(): (28000/1045): Access denied for user 'work1'@'localhost' (using password: YES)
[2019-01-31 12:09:10] (ERROR @ /home/user2051533/www/work1.d0022330.atservers.net/php/order_form_check.php : 70) PHP warning: mysqli_query() expects parameter 1 to be mysqli, boolean given
[2019-01-31 12:09:10] (ERROR @ /home/user2051533/www/work1.d0022330.atservers.net/php/order_form_check.php : 108) PHP warning: mysqli_query() expects parameter 1 to be mysqli, boolean given
[2019-01-31 12:09:10] (ERROR @ /home/user2051533/www/work1.d0022330.atservers.net/php/order_form_check.php : 88) PHP warning: mysqli_query() expects parameter 1 to be mysqli, boolean given
[2019-01-31 12:09:10] (ERROR @ /home/user2051533/www/work1.d0022330.atservers.net/php/order_form_check.php : 88) PHP warning: mysqli_error() expects exactly 1 parameter, 0 given
[2019-01-31 12:14:41] (ERROR @ /home/user2051533/www/work1.d0022330.atservers.net/php/order_form_check.php : 69) PHP warning: mysqli_connect(): (28000/1045): Access denied for user 'work1'@'localhost' (using password: YES)
[2019-01-31 12:14:41] (ERROR @ /home/user2051533/www/work1.d0022330.atservers.net/php/order_form_check.php : 70) PHP warning: mysqli_query() expects parameter 1 to be mysqli, boolean given
[2019-01-31 12:14:41] (ERROR @ /home/user2051533/www/work1.d0022330.atservers.net/php/order_form_check.php : 108) PHP warning: mysqli_query() expects parameter 1 to be mysqli, boolean given
[2019-01-31 12:14:41] (ERROR @ /home/user2051533/www/work1.d0022330.atservers.net/php/order_form_check.php : 88) PHP warning: mysqli_query() expects parameter 1 to be mysqli, boolean given
[2019-01-31 12:14:41] (ERROR @ /home/user2051533/www/work1.d0022330.atservers.net/php/order_form_check.php : 88) PHP warning: mysqli_error() expects exactly 1 parameter, 0 given
[2019-01-31 12:15:50] (ERROR @ /home/user2051533/www/work1.d0022330.atservers.net/php/order_form_check.php : 69) PHP warning: mysqli_connect(): (28000/1045): Access denied for user 'work1'@'localhost' (using password: YES)
[2019-01-31 12:15:50] (ERROR @ /home/user2051533/www/work1.d0022330.atservers.net/php/order_form_check.php : 70) PHP warning: mysqli_query() expects parameter 1 to be mysqli, boolean given
[2019-01-31 12:15:50] (ERROR @ /home/user2051533/www/work1.d0022330.atservers.net/php/order_form_check.php : 108) PHP warning: mysqli_query() expects parameter 1 to be mysqli, boolean given
[2019-01-31 12:15:50] (ERROR @ /home/user2051533/www/work1.d0022330.atservers.net/php/order_form_check.php : 88) PHP warning: mysqli_query() expects parameter 1 to be mysqli, boolean given
[2019-01-31 12:15:50] (ERROR @ /home/user2051533/www/work1.d0022330.atservers.net/php/order_form_check.php : 88) PHP warning: mysqli_error() expects exactly 1 parameter, 0 given
[2019-01-31 12:17:34] (ERROR @ /home/user2051533/www/work1.d0022330.atservers.net/core/model/modx/modresponse.class.php : 210) Attempted to redirect to an empty URL.
[2019-01-31 12:17:49] (ERROR @ /home/user2051533/www/work1.d0022330.atservers.net/core/model/modx/modresponse.class.php : 210) Attempted to redirect to an empty URL.
[2019-01-31 12:17:53] (ERROR @ /home/user2051533/www/work1.d0022330.atservers.net/php/order_form_check.php : 69) PHP warning: mysqli_connect(): (28000/1045): Access denied for user 'work1'@'localhost' (using password: YES)
[2019-01-31 12:17:53] (ERROR @ /home/user2051533/www/work1.d0022330.atservers.net/php/order_form_check.php : 70) PHP warning: mysqli_query() expects parameter 1 to be mysqli, boolean given
[2019-01-31 12:17:53] (ERROR @ /home/user2051533/www/work1.d0022330.atservers.net/php/order_form_check.php : 108) PHP warning: mysqli_query() expects parameter 1 to be mysqli, boolean given
[2019-01-31 12:17:53] (ERROR @ /home/user2051533/www/work1.d0022330.atservers.net/php/order_form_check.php : 88) PHP warning: mysqli_query() expects parameter 1 to be mysqli, boolean given
[2019-01-31 12:17:53] (ERROR @ /home/user2051533/www/work1.d0022330.atservers.net/php/order_form_check.php : 88) PHP warning: mysqli_error() expects exactly 1 parameter, 0 given
[2019-01-31 12:43:48] (ERROR @ /home/user2051533/www/work1.d0022330.atservers.net/core/model/modx/modresponse.class.php : 210) Attempted to redirect to an empty URL.
[2019-01-31 12:43:58] (ERROR @ /home/user2051533/www/work1.d0022330.atservers.net/core/model/modx/modresponse.class.php : 210) Attempted to redirect to an empty URL.
[2019-01-31 12:44:41] (ERROR @ /home/user2051533/www/work1.d0022330.atservers.net/php/order_form_check.php : 88) PHP warning: mysqli_error() expects exactly 1 parameter, 0 given
[2019-01-31 15:17:07] (ERROR @ /home/user2051533/www/work1.d0022330.atservers.net/php/order_form_check.php : 88) PHP warning: mysqli_error() expects exactly 1 parameter, 0 given
[2019-01-31 15:17:31] (ERROR @ /home/user2051533/www/work1.d0022330.atservers.net/core/model/modx/modresponse.class.php : 210) Attempted to redirect to an empty URL.
[2019-01-31 15:23:17] (ERROR @ /home/user2051533/www/work1.d0022330.atservers.net/core/model/modx/modresponse.class.php : 210) Attempted to redirect to an empty URL.
[2019-01-31 15:23:36] (ERROR @ /home/user2051533/www/work1.d0022330.atservers.net/core/model/modx/modresponse.class.php : 210) Attempted to redirect to an empty URL.
[2019-01-31 15:23:40] (ERROR @ /home/user2051533/www/work1.d0022330.atservers.net/php/order_form_check.php : 88) PHP warning: mysqli_error() expects exactly 1 parameter, 0 given
[2019-01-31 15:25:11] (ERROR @ /home/user2051533/www/work1.d0022330.atservers.net/php/order_form_check.php : 88) PHP warning: mysqli_error() expects exactly 1 parameter, 0 given
[2019-01-31 15:28:11] (ERROR @ /home/user2051533/www/work1.d0022330.atservers.net/php/order_form_check.php : 88) PHP warning: mysqli_error() expects exactly 1 parameter, 0 given
[2019-01-31 15:30:19] (ERROR @ /home/user2051533/www/work1.d0022330.atservers.net/php/order_form_check.php : 88) PHP warning: mysqli_error() expects exactly 1 parameter, 0 given
[2019-01-31 15:30:24] (ERROR @ /home/user2051533/www/work1.d0022330.atservers.net/php/order_form_check.php : 88) PHP warning: mysqli_error() expects exactly 1 parameter, 0 given
[2019-01-31 15:30:46] (ERROR @ /home/user2051533/www/work1.d0022330.atservers.net/php/order_form_check.php : 88) PHP warning: mysqli_error() expects exactly 1 parameter, 0 given
[2019-01-31 16:29:11] (ERROR @ /home/user2051533/www/work1.d0022330.atservers.net/core/model/modx/modresponse.class.php : 210) Attempted to redirect to an empty URL.
[2019-01-31 16:29:20] (ERROR @ /home/user2051533/www/work1.d0022330.atservers.net/core/model/modx/modresponse.class.php : 210) Attempted to redirect to an empty URL.
[2019-01-31 16:37:52] (ERROR @ /home/user2051533/www/work1.d0022330.atservers.net/core/model/modx/modresponse.class.php : 210) Attempted to redirect to an empty URL.
[2019-01-31 16:38:01] (ERROR @ /home/user2051533/www/work1.d0022330.atservers.net/core/model/modx/modresponse.class.php : 210) Attempted to redirect to an empty URL.
[2019-02-01 09:30:13] (ERROR @ /home/user2051533/www/work1.d0022330.atservers.net/core/model/modx/modresponse.class.php : 210) Attempted to redirect to an empty URL.
[2019-02-01 09:35:54] (ERROR @ /home/user2051533/www/work1.d0022330.atservers.net/core/model/modx/modresponse.class.php : 210) Attempted to redirect to an empty URL.
[2019-02-01 10:42:31] (ERROR @ /home/user2051533/www/work1.d0022330.atservers.net/core/model/modx/modparser.class.php : 540) Could not find snippet with name [[+closed_or_open]].
[2019-02-01 10:42:31] (ERROR @ /home/user2051533/www/work1.d0022330.atservers.net/core/model/modx/modparser.class.php : 540) Could not find snippet with name [[+closed_or_open]].
[2019-02-01 10:42:31] (ERROR @ /home/user2051533/www/work1.d0022330.atservers.net/core/model/modx/modparser.class.php : 540) Could not find snippet with name [[+closed_or_open]].
[2019-02-01 10:42:31] (ERROR @ /home/user2051533/www/work1.d0022330.atservers.net/core/model/modx/modparser.class.php : 540) Could not find snippet with name [[+closed_or_open]].
[2019-02-01 10:42:31] (ERROR @ /home/user2051533/www/work1.d0022330.atservers.net/core/model/modx/modparser.class.php : 540) Could not find snippet with name [[+closed_or_open]].
[2019-02-01 10:42:31] (ERROR @ /home/user2051533/www/work1.d0022330.atservers.net/core/model/modx/modparser.class.php : 540) Could not find snippet with name [[+closed_or_open]].
[2019-02-01 10:42:31] (ERROR @ /home/user2051533/www/work1.d0022330.atservers.net/core/model/modx/modparser.class.php : 540) Could not find snippet with name [[+closed_or_open]].
[2019-02-01 10:42:31] (ERROR @ /home/user2051533/www/work1.d0022330.atservers.net/core/model/modx/modparser.class.php : 540) Could not find snippet with name [[+closed_or_open]].
[2019-02-01 16:20:52] (ERROR @ /home/user2051533/www/work1.d0022330.atservers.net/core/model/modx/modresponse.class.php : 210) Attempted to redirect to an empty URL.
[2019-02-01 16:35:40] (ERROR @ /home/user2051533/www/work1.d0022330.atservers.net/core/model/modx/modcachemanager.class.php : 394) Error caching action map mgr/actions
[2019-02-01 17:22:53] (ERROR @ /home/user2051533/www/work1.d0022330.atservers.net/core/model/modx/modcachemanager.class.php : 344) Error caching lexicon topic lexicon/ru/core/element
[2019-02-01 17:23:27] (ERROR @ /home/user2051533/www/work1.d0022330.atservers.net/core/model/modx/modparser.class.php : 540) Could not find snippet with name [[+first_line_if_open_or_close]].
[2019-02-01 17:23:27] (ERROR @ /home/user2051533/www/work1.d0022330.atservers.net/core/model/modx/modparser.class.php : 540) Could not find snippet with name [[+first_line_if_open_or_close]].
[2019-02-01 17:23:27] (ERROR @ /home/user2051533/www/work1.d0022330.atservers.net/core/model/modx/modparser.class.php : 540) Could not find snippet with name [[+first_line_if_open_or_close]].
[2019-02-01 17:23:27] (ERROR @ /home/user2051533/www/work1.d0022330.atservers.net/core/model/modx/modparser.class.php : 540) Could not find snippet with name [[+first_line_if_open_or_close]].
[2019-02-01 17:23:27] (ERROR @ /home/user2051533/www/work1.d0022330.atservers.net/core/model/modx/modparser.class.php : 540) Could not find snippet with name [[+first_line_if_open_or_close]].
[2019-02-01 17:23:27] (ERROR @ /home/user2051533/www/work1.d0022330.atservers.net/core/model/modx/modparser.class.php : 540) Could not find snippet with name [[+first_line_if_open_or_close]].
[2019-02-01 17:23:27] (ERROR @ /home/user2051533/www/work1.d0022330.atservers.net/core/model/modx/modparser.class.php : 540) Could not find snippet with name [[+first_line_if_open_or_close]].
[2019-02-01 17:23:27] (ERROR @ /home/user2051533/www/work1.d0022330.atservers.net/core/model/modx/modparser.class.php : 540) Could not find snippet with name [[+first_line_if_open_or_close]].
[2019-02-01 17:23:27] (ERROR @ /home/user2051533/www/work1.d0022330.atservers.net/core/model/modx/modparser.class.php : 540) Could not find snippet with name [[+first_line_if_open_or_close]].
[2019-02-01 17:23:27] (ERROR @ /home/user2051533/www/work1.d0022330.atservers.net/core/model/modx/modparser.class.php : 540) Could not find snippet with name [[+first_line_if_open_or_close]].
[2019-02-01 17:23:27] (ERROR @ /home/user2051533/www/work1.d0022330.atservers.net/core/model/modx/modparser.class.php : 540) Could not find snippet with name [[+first_line_if_open_or_close]].
[2019-02-01 17:23:27] (ERROR @ /home/user2051533/www/work1.d0022330.atservers.net/core/model/modx/modparser.class.php : 540) Could not find snippet with name [[+first_line_if_open_or_close]].
[2019-02-01 17:23:27] (ERROR @ /home/user2051533/www/work1.d0022330.atservers.net/core/model/modx/modparser.class.php : 540) Could not find snippet with name [[+first_line_if_open_or_close]].
[2019-02-01 17:23:27] (ERROR @ /home/user2051533/www/work1.d0022330.atservers.net/core/model/modx/modparser.class.php : 540) Could not find snippet with name [[+first_line_if_open_or_close]].
[2019-02-01 17:23:27] (ERROR @ /home/user2051533/www/work1.d0022330.atservers.net/core/model/modx/modparser.class.php : 540) Could not find snippet with name [[+first_line_if_open_or_close]].
[2019-02-01 17:23:27] (ERROR @ /home/user2051533/www/work1.d0022330.atservers.net/core/model/modx/modparser.class.php : 540) Could not find snippet with name [[+first_line_if_open_or_close]].
[2019-02-01 17:23:27] (ERROR @ /home/user2051533/www/work1.d0022330.atservers.net/core/model/modx/modparser.class.php : 540) Could not find snippet with name [[+first_line_if_open_or_close]].
[2019-02-01 17:23:27] (ERROR @ /home/user2051533/www/work1.d0022330.atservers.net/core/model/modx/modparser.class.php : 540) Could not find snippet with name [[+first_line_if_open_or_close]].
[2019-02-01 17:23:27] (ERROR @ /home/user2051533/www/work1.d0022330.atservers.net/core/model/modx/modparser.class.php : 540) Could not find snippet with name [[+first_line_if_open_or_close]].
[2019-02-01 17:23:27] (ERROR @ /home/user2051533/www/work1.d0022330.atservers.net/core/model/modx/modparser.class.php : 540) Could not find snippet with name [[+first_line_if_open_or_close]].
[2019-02-01 17:23:27] (ERROR @ /home/user2051533/www/work1.d0022330.atservers.net/core/model/modx/modparser.class.php : 540) Could not find snippet with name [[+first_line_if_open_or_close]].
[2019-02-01 17:23:27] (ERROR @ /home/user2051533/www/work1.d0022330.atservers.net/core/model/modx/modparser.class.php : 540) Could not find snippet with name [[+first_line_if_open_or_close]].
[2019-02-01 17:23:27] (ERROR @ /home/user2051533/www/work1.d0022330.atservers.net/core/model/modx/modparser.class.php : 540) Could not find snippet with name [[+first_line_if_open_or_close]].
[2019-02-01 17:23:27] (ERROR @ /home/user2051533/www/work1.d0022330.atservers.net/core/model/modx/modparser.class.php : 540) Could not find snippet with name [[+first_line_if_open_or_close]].
[2019-02-01 17:23:27] (ERROR @ /home/user2051533/www/work1.d0022330.atservers.net/core/model/modx/modparser.class.php : 540) Could not find snippet with name [[+first_line_if_open_or_close]].
[2019-02-01 17:23:27] (ERROR @ /home/user2051533/www/work1.d0022330.atservers.net/core/model/modx/modparser.class.php : 540) Could not find snippet with name [[+first_line_if_open_or_close]].
[2019-02-01 17:23:27] (ERROR @ /home/user2051533/www/work1.d0022330.atservers.net/core/model/modx/modparser.class.php : 540) Could not find snippet with name [[+first_line_if_open_or_close]].
[2019-02-01 17:23:27] (ERROR @ /home/user2051533/www/work1.d0022330.atservers.net/core/model/modx/modparser.class.php : 540) Could not find snippet with name [[+first_line_if_open_or_close]].
[2019-02-01 17:23:27] (ERROR @ /home/user2051533/www/work1.d0022330.atservers.net/core/model/modx/modparser.class.php : 540) Could not find snippet with name [[+first_line_if_open_or_close]].
[2019-02-01 17:23:27] (ERROR @ /home/user2051533/www/work1.d0022330.atservers.net/core/model/modx/modparser.class.php : 540) Could not find snippet with name [[+first_line_if_open_or_close]].
[2019-02-01 17:23:27] (ERROR @ /home/user2051533/www/work1.d0022330.atservers.net/core/model/modx/modparser.class.php : 540) Could not find snippet with name [[+first_line_if_open_or_close]].
[2019-02-01 17:23:27] (ERROR @ /home/user2051533/www/work1.d0022330.atservers.net/core/model/modx/modparser.class.php : 540) Could not find snippet with name [[+first_line_if_open_or_close]].
[2019-02-01 17:23:27] (ERROR @ /home/user2051533/www/work1.d0022330.atservers.net/core/model/modx/modparser.class.php : 540) Could not find snippet with name [[+first_line_if_open_or_close]].
[2019-02-01 17:23:27] (ERROR @ /home/user2051533/www/work1.d0022330.atservers.net/core/model/modx/modparser.class.php : 540) Could not find snippet with name [[+first_line_if_open_or_close]].
[2019-02-01 17:23:27] (ERROR @ /home/user2051533/www/work1.d0022330.atservers.net/core/model/modx/modparser.class.php : 540) Could not find snippet with name [[+first_line_if_open_or_close]].
[2019-02-01 17:23:27] (ERROR @ /home/user2051533/www/work1.d0022330.atservers.net/core/model/modx/modparser.class.php : 540) Could not find snippet with name [[+first_line_if_open_or_close]].
[2019-02-01 17:23:27] (ERROR @ /home/user2051533/www/work1.d0022330.atservers.net/core/model/modx/modparser.class.php : 540) Could not find snippet with name [[+first_line_if_open_or_close]].
[2019-02-01 17:23:27] (ERROR @ /home/user2051533/www/work1.d0022330.atservers.net/core/model/modx/modparser.class.php : 540) Could not find snippet with name [[+first_line_if_open_or_close]].
[2019-02-01 17:23:27] (ERROR @ /home/user2051533/www/work1.d0022330.atservers.net/core/model/modx/modparser.class.php : 540) Could not find snippet with name [[+first_line_if_open_or_close]].
[2019-02-01 17:23:27] (ERROR @ /home/user2051533/www/work1.d0022330.atservers.net/core/model/modx/modparser.class.php : 540) Could not find snippet with name [[+first_line_if_open_or_close]].
[2019-02-01 17:23:27] (ERROR @ /home/user2051533/www/work1.d0022330.atservers.net/core/model/modx/modparser.class.php : 540) Could not find snippet with name [[+first_line_if_open_or_close]].
[2019-02-01 17:23:27] (ERROR @ /home/user2051533/www/work1.d0022330.atservers.net/core/model/modx/modparser.class.php : 540) Could not find snippet with name [[+first_line_if_open_or_close]].
[2019-02-01 17:23:27] (ERROR @ /home/user2051533/www/work1.d0022330.atservers.net/core/model/modx/modparser.class.php : 540) Could not find snippet with name [[+first_line_if_open_or_close]].
[2019-02-01 17:23:27] (ERROR @ /home/user2051533/www/work1.d0022330.atservers.net/core/model/modx/modparser.class.php : 540) Could not find snippet with name [[+first_line_if_open_or_close]].
[2019-02-01 17:23:27] (ERROR @ /home/user2051533/www/work1.d0022330.atservers.net/core/model/modx/modparser.class.php : 540) Could not find snippet with name [[+first_line_if_open_or_close]].
[2019-02-01 17:23:57] (ERROR @ /home/user2051533/www/work1.d0022330.atservers.net/core/model/modx/modparser.class.php : 540) Could not find snippet with name [[+first_line_if_open_or_close]].
[2019-02-01 17:23:57] (ERROR @ /home/user2051533/www/work1.d0022330.atservers.net/core/model/modx/modparser.class.php : 540) Could not find snippet with name [[+first_line_if_open_or_close]].
[2019-02-01 17:23:57] (ERROR @ /home/user2051533/www/work1.d0022330.atservers.net/core/model/modx/modparser.class.php : 540) Could not find snippet with name [[+first_line_if_open_or_close]].
[2019-02-01 17:23:57] (ERROR @ /home/user2051533/www/work1.d0022330.atservers.net/core/model/modx/modparser.class.php : 540) Could not find snippet with name [[+first_line_if_open_or_close]].
[2019-02-01 17:23:57] (ERROR @ /home/user2051533/www/work1.d0022330.atservers.net/core/model/modx/modparser.class.php : 540) Could not find snippet with name [[+first_line_if_open_or_close]].
[2019-02-01 17:23:57] (ERROR @ /home/user2051533/www/work1.d0022330.atservers.net/core/model/modx/modparser.class.php : 540) Could not find snippet with name [[+first_line_if_open_or_close]].
[2019-02-01 17:23:57] (ERROR @ /home/user2051533/www/work1.d0022330.atservers.net/core/model/modx/modparser.class.php : 540) Could not find snippet with name [[+first_line_if_open_or_close]].
[2019-02-01 17:23:57] (ERROR @ /home/user2051533/www/work1.d0022330.atservers.net/core/model/modx/modparser.class.php : 540) Could not find snippet with name [[+first_line_if_open_or_close]].
[2019-02-01 17:23:57] (ERROR @ /home/user2051533/www/work1.d0022330.atservers.net/core/model/modx/modparser.class.php : 540) Could not find snippet with name [[+first_line_if_open_or_close]].
[2019-02-01 17:23:57] (ERROR @ /home/user2051533/www/work1.d0022330.atservers.net/core/model/modx/modparser.class.php : 540) Could not find snippet with name [[+first_line_if_open_or_close]].
[2019-02-01 17:23:57] (ERROR @ /home/user2051533/www/work1.d0022330.atservers.net/core/model/modx/modparser.class.php : 540) Could not find snippet with name [[+first_line_if_open_or_close]].
[2019-02-01 17:23:57] (ERROR @ /home/user2051533/www/work1.d0022330.atservers.net/core/model/modx/modparser.class.php : 540) Could not find snippet with name [[+first_line_if_open_or_close]].
[2019-02-01 17:23:57] (ERROR @ /home/user2051533/www/work1.d0022330.atservers.net/core/model/modx/modparser.class.php : 540) Could not find snippet with name [[+first_line_if_open_or_close]].
[2019-02-01 17:23:57] (ERROR @ /home/user2051533/www/work1.d0022330.atservers.net/core/model/modx/modparser.class.php : 540) Could not find snippet with name [[+first_line_if_open_or_close]].
[2019-02-01 17:23:57] (ERROR @ /home/user2051533/www/work1.d0022330.atservers.net/core/model/modx/modparser.class.php : 540) Could not find snippet with name [[+first_line_if_open_or_close]].
[2019-02-01 17:23:57] (ERROR @ /home/user2051533/www/work1.d0022330.atservers.net/core/model/modx/modparser.class.php : 540) Could not find snippet with name [[+first_line_if_open_or_close]].
[2019-02-01 17:23:57] (ERROR @ /home/user2051533/www/work1.d0022330.atservers.net/core/model/modx/modparser.class.php : 540) Could not find snippet with name [[+first_line_if_open_or_close]].
[2019-02-01 17:23:57] (ERROR @ /home/user2051533/www/work1.d0022330.atservers.net/core/model/modx/modparser.class.php : 540) Could not find snippet with name [[+first_line_if_open_or_close]].
[2019-02-01 17:23:57] (ERROR @ /home/user2051533/www/work1.d0022330.atservers.net/core/model/modx/modparser.class.php : 540) Could not find snippet with name [[+first_line_if_open_or_close]].
[2019-02-01 17:23:57] (ERROR @ /home/user2051533/www/work1.d0022330.atservers.net/core/model/modx/modparser.class.php : 540) Could not find snippet with name [[+first_line_if_open_or_close]].
[2019-02-01 17:23:57] (ERROR @ /home/user2051533/www/work1.d0022330.atservers.net/core/model/modx/modparser.class.php : 540) Could not find snippet with name [[+first_line_if_open_or_close]].
[2019-02-01 17:23:57] (ERROR @ /home/user2051533/www/work1.d0022330.atservers.net/core/model/modx/modparser.class.php : 540) Could not find snippet with name [[+first_line_if_open_or_close]].
[2019-02-01 17:23:57] (ERROR @ /home/user2051533/www/work1.d0022330.atservers.net/core/model/modx/modparser.class.php : 540) Could not find snippet with name [[+first_line_if_open_or_close]].
[2019-02-01 17:23:57] (ERROR @ /home/user2051533/www/work1.d0022330.atservers.net/core/model/modx/modparser.class.php : 540) Could not find snippet with name [[+first_line_if_open_or_close]].
[2019-02-01 17:23:57] (ERROR @ /home/user2051533/www/work1.d0022330.atservers.net/core/model/modx/modparser.class.php : 540) Could not find snippet with name [[+first_line_if_open_or_close]].
[2019-02-01 17:23:57] (ERROR @ /home/user2051533/www/work1.d0022330.atservers.net/core/model/modx/modparser.class.php : 540) Could not find snippet with name [[+first_line_if_open_or_close]].
[2019-02-01 17:23:57] (ERROR @ /home/user2051533/www/work1.d0022330.atservers.net/core/model/modx/modparser.class.php : 540) Could not find snippet with name [[+first_line_if_open_or_close]].
[2019-02-01 17:23:57] (ERROR @ /home/user2051533/www/work1.d0022330.atservers.net/core/model/modx/modparser.class.php : 540) Could not find snippet with name [[+first_line_if_open_or_close]].
[2019-02-01 17:23:57] (ERROR @ /home/user2051533/www/work1.d0022330.atservers.net/core/model/modx/modparser.class.php : 540) Could not find snippet with name [[+first_line_if_open_or_close]].
[2019-02-01 17:23:57] (ERROR @ /home/user2051533/www/work1.d0022330.atservers.net/core/model/modx/modparser.class.php : 540) Could not find snippet with name [[+first_line_if_open_or_close]].
[2019-02-01 17:23:57] (ERROR @ /home/user2051533/www/work1.d0022330.atservers.net/core/model/modx/modparser.class.php : 540) Could not find snippet with name [[+first_line_if_open_or_close]].
[2019-02-01 17:23:57] (ERROR @ /home/user2051533/www/work1.d0022330.atservers.net/core/model/modx/modparser.class.php : 540) Could not find snippet with name [[+first_line_if_open_or_close]].
[2019-02-01 17:23:57] (ERROR @ /home/user2051533/www/work1.d0022330.atservers.net/core/model/modx/modparser.class.php : 540) Could not find snippet with name [[+first_line_if_open_or_close]].
[2019-02-01 17:23:57] (ERROR @ /home/user2051533/www/work1.d0022330.atservers.net/core/model/modx/modparser.class.php : 540) Could not find snippet with name [[+first_line_if_open_or_close]].
[2019-02-01 17:23:57] (ERROR @ /home/user2051533/www/work1.d0022330.atservers.net/core/model/modx/modparser.class.php : 540) Could not find snippet with name [[+first_line_if_open_or_close]].
[2019-02-01 17:23:57] (ERROR @ /home/user2051533/www/work1.d0022330.atservers.net/core/model/modx/modparser.class.php : 540) Could not find snippet with name [[+first_line_if_open_or_close]].
[2019-02-01 17:23:58] (ERROR @ /home/user2051533/www/work1.d0022330.atservers.net/core/model/modx/modparser.class.php : 540) Could not find snippet with name [[+first_line_if_open_or_close]].
[2019-02-01 17:23:58] (ERROR @ /home/user2051533/www/work1.d0022330.atservers.net/core/model/modx/modparser.class.php : 540) Could not find snippet with name [[+first_line_if_open_or_close]].
[2019-02-01 17:23:58] (ERROR @ /home/user2051533/www/work1.d0022330.atservers.net/core/model/modx/modparser.class.php : 540) Could not find snippet with name [[+first_line_if_open_or_close]].
[2019-02-01 17:23:58] (ERROR @ /home/user2051533/www/work1.d0022330.atservers.net/core/model/modx/modparser.class.php : 540) Could not find snippet with name [[+first_line_if_open_or_close]].
[2019-02-01 17:23:58] (ERROR @ /home/user2051533/www/work1.d0022330.atservers.net/core/model/modx/modparser.class.php : 540) Could not find snippet with name [[+first_line_if_open_or_close]].
[2019-02-01 17:23:58] (ERROR @ /home/user2051533/www/work1.d0022330.atservers.net/core/model/modx/modparser.class.php : 540) Could not find snippet with name [[+first_line_if_open_or_close]].
[2019-02-01 17:23:58] (ERROR @ /home/user2051533/www/work1.d0022330.atservers.net/core/model/modx/modparser.class.php : 540) Could not find snippet with name [[+first_line_if_open_or_close]].
[2019-02-01 17:23:58] (ERROR @ /home/user2051533/www/work1.d0022330.atservers.net/core/model/modx/modparser.class.php : 540) Could not find snippet with name [[+first_line_if_open_or_close]].
[2019-02-01 17:23:58] (ERROR @ /home/user2051533/www/work1.d0022330.atservers.net/core/model/modx/modparser.class.php : 540) Could not find snippet with name [[+first_line_if_open_or_close]].
[2019-02-04 09:48:48] (ERROR @ /home/user2051533/www/work1.d0022330.atservers.net/core/model/modx/modresponse.class.php : 210) Attempted to redirect to an empty URL.
[2019-02-04 12:45:20] (ERROR @ /home/user2051533/www/work1.d0022330.atservers.net/core/model/modx/modcachemanager.class.php : 394) Error caching action map mgr/actions
[2019-02-04 12:46:37] (ERROR @ /home/user2051533/www/work1.d0022330.atservers.net/core/model/modx/modcachemanager.class.php : 344) Error caching lexicon topic lexicon/ru/core/default
[2019-02-04 13:41:31] (ERROR @ /home/user2051533/www/work1.d0022330.atservers.net/core/model/modx/modcachemanager.class.php : 344) Error caching lexicon topic lexicon/ru/core/default
[2019-02-04 16:02:26] (ERROR @ /home/user2051533/www/work1.d0022330.atservers.net/core/model/modx/modcachemanager.class.php : 394) Error caching action map mgr/actions
[2019-02-04 16:25:35] (ERROR @ /home/user2051533/www/work1.d0022330.atservers.net/core/model/modx/modcachemanager.class.php : 344) Error caching lexicon topic lexicon/ru/core/default
[2019-02-04 16:58:50] (ERROR @ /home/user2051533/www/work1.d0022330.atservers.net/core/model/modx/modcachemanager.class.php : 344) Error caching lexicon topic lexicon/ru/core/default
[2019-02-04 17:43:18] (ERROR @ /home/user2051533/www/work1.d0022330.atservers.net/core/model/modx/modcachemanager.class.php : 344) Error caching lexicon topic lexicon/ru/core/category
[2019-02-05 10:16:50] (ERROR @ /home/user2051533/www/work1.d0022330.atservers.net/core/model/modx/modresponse.class.php : 210) Attempted to redirect to an empty URL.
[2019-02-05 10:20:08] (ERROR @ /home/user2051533/www/work1.d0022330.atservers.net/core/model/modx/modresponse.class.php : 210) Attempted to redirect to an empty URL.
[2019-02-05 10:20:16] (ERROR @ /home/user2051533/www/work1.d0022330.atservers.net/core/model/modx/modresponse.class.php : 210) Attempted to redirect to an empty URL.
[2019-02-05 10:44:56] (ERROR @ /home/user2051533/www/work1.d0022330.atservers.net/core/model/modx/modresponse.class.php : 210) Attempted to redirect to an empty URL.
[2019-02-05 10:45:02] (ERROR @ /home/user2051533/www/work1.d0022330.atservers.net/core/model/modx/modresponse.class.php : 210) Attempted to redirect to an empty URL.
[2019-02-05 10:45:06] (ERROR @ /home/user2051533/www/work1.d0022330.atservers.net/core/model/modx/modresponse.class.php : 210) Attempted to redirect to an empty URL.
[2019-02-05 10:45:11] (ERROR @ /home/user2051533/www/work1.d0022330.atservers.net/core/model/modx/modresponse.class.php : 210) Attempted to redirect to an empty URL.
[2019-02-05 12:33:12] (ERROR @ /home/user2051533/www/work1.d0022330.atservers.net/core/model/modx/modcachemanager.class.php : 344) Error caching lexicon topic lexicon/ru/core/category
[2019-02-05 12:33:27] (ERROR @ /home/user2051533/www/work1.d0022330.atservers.net/core/model/modx/modcachemanager.class.php : 394) Error caching action map mgr/actions
[2019-04-26 17:16:12] (ERROR @ /home/user2051533/www/work1.d0022330.atservers.net/core/model/modx/modresponse.class.php : 210) Attempted to redirect to an empty URL.
[2019-04-26 17:18:40] (ERROR @ /home/user2051533/www/work1.d0022330.atservers.net/core/model/modx/modresponse.class.php : 210) Attempted to redirect to an empty URL.
[2019-04-26 17:19:00] (ERROR @ /home/user2051533/www/work1.d0022330.atservers.net/core/model/modx/modresponse.class.php : 210) Attempted to redirect to an empty URL.
[2019-04-26 17:19:51] (ERROR @ /home/user2051533/www/work1.d0022330.atservers.net/core/model/modx/modresponse.class.php : 210) Attempted to redirect to an empty URL.
[2019-04-26 17:24:15] (ERROR @ /home/user2051533/www/work1.d0022330.atservers.net/core/model/modx/modresponse.class.php : 210) Attempted to redirect to an empty URL.
[2019-04-26 17:24:35] (ERROR @ /home/user2051533/www/work1.d0022330.atservers.net/core/model/modx/modresponse.class.php : 210) Attempted to redirect to an empty URL.
[2019-04-26 17:25:05] (ERROR @ /home/user2051533/www/work1.d0022330.atservers.net/core/model/modx/modresponse.class.php : 210) Attempted to redirect to an empty URL.
[2019-04-26 17:25:14] (ERROR @ /home/user2051533/www/work1.d0022330.atservers.net/core/model/modx/modresponse.class.php : 210) Attempted to redirect to an empty URL.
[2019-04-26 17:27:21] (ERROR @ /home/user2051533/www/work1.d0022330.atservers.net/core/model/modx/modresponse.class.php : 210) Attempted to redirect to an empty URL.
[2019-04-26 17:30:01] (ERROR @ /home/user2051533/www/work1.d0022330.atservers.net/core/model/modx/modresponse.class.php : 210) Attempted to redirect to an empty URL.
[2019-04-26 17:30:18] (ERROR @ /home/user2051533/www/work1.d0022330.atservers.net/core/model/modx/modresponse.class.php : 210) Attempted to redirect to an empty URL.
[2019-04-26 17:30:20] (ERROR @ /home/user2051533/www/work1.d0022330.atservers.net/core/model/modx/modresponse.class.php : 210) Attempted to redirect to an empty URL.
[2019-05-09 16:54:05] (ERROR @ /home/user2051533/www/work1.d0022330.atservers.net/core/model/modx/modresponse.class.php : 210) Attempted to redirect to an empty URL.
[2019-06-11 10:59:18] (ERROR @ /home/user2051533/www/work1.d0022330.atservers.net/core/model/modx/modresponse.class.php : 210) Attempted to redirect to an empty URL.
[2019-06-11 11:01:54] (ERROR @ /home/user2051533/www/work1.d0022330.atservers.net/core/model/modx/modresponse.class.php : 210) Attempted to redirect to an empty URL.
[2019-07-09 15:22:33] (ERROR @ /home/user2051533/www/work1.d0022330.atservers.net/core/model/modx/modresponse.class.php : 210) Attempted to redirect to an empty URL.
[2019-07-09 15:23:26] (ERROR @ /home/user2051533/www/work1.d0022330.atservers.net/core/model/modx/modresponse.class.php : 210) Attempted to redirect to an empty URL.
[2019-07-09 15:23:49] (ERROR @ /home/user2051533/www/work1.d0022330.atservers.net/core/model/modx/modresponse.class.php : 210) Attempted to redirect to an empty URL.
[2019-07-09 15:23:52] (ERROR @ /home/user2051533/www/work1.d0022330.atservers.net/core/model/modx/modresponse.class.php : 210) Attempted to redirect to an empty URL.
[2019-07-09 15:24:12] (ERROR @ /home/user2051533/www/work1.d0022330.atservers.net/core/model/modx/modresponse.class.php : 210) Attempted to redirect to an empty URL.
[2019-07-09 15:24:19] (ERROR @ /home/user2051533/www/work1.d0022330.atservers.net/core/model/modx/modresponse.class.php : 210) Attempted to redirect to an empty URL.
[2019-07-09 15:27:51] (ERROR @ /home/user2051533/www/work1.d0022330.atservers.net/core/model/modx/modresponse.class.php : 210) Attempted to redirect to an empty URL.
[2019-07-09 15:29:29] (ERROR @ /home/user2051533/www/work1.d0022330.atservers.net/core/model/modx/modresponse.class.php : 210) Attempted to redirect to an empty URL.
[2019-07-09 15:31:46] (ERROR @ /home/user2051533/www/work1.d0022330.atservers.net/core/model/modx/modresponse.class.php : 210) Attempted to redirect to an empty URL.
[2019-07-09 15:33:07] (ERROR @ /home/user2051533/www/work1.d0022330.atservers.net/core/model/modx/modresponse.class.php : 210) Attempted to redirect to an empty URL.
[2019-07-09 15:33:17] (ERROR @ /home/user2051533/www/work1.d0022330.atservers.net/core/model/modx/modresponse.class.php : 210) Attempted to redirect to an empty URL.
[2019-07-09 15:33:28] (ERROR @ /home/user2051533/www/work1.d0022330.atservers.net/core/model/modx/modresponse.class.php : 210) Attempted to redirect to an empty URL.
[2019-07-09 15:33:34] (ERROR @ /home/user2051533/www/work1.d0022330.atservers.net/core/model/modx/modresponse.class.php : 210) Attempted to redirect to an empty URL.
[2019-07-09 15:35:09] (ERROR @ /home/user2051533/www/work1.d0022330.atservers.net/core/model/modx/modresponse.class.php : 210) Attempted to redirect to an empty URL.
